01-12 16:53:28 com_github_MitjaNemec_PlaceFootprints.action_place_footprints 647:Plugin executed on: 'win32'
01-12 16:53:28 com_github_MitjaNemec_PlaceFootprints.action_place_footprints 648:Plugin executed with python version: '3.11.5 (main, Jul 16 2024, 08:01:06) [MSC v.1939 64 bit (AMD64)]'
01-12 16:53:28 com_github_MitjaNemec_PlaceFootprints.action_place_footprints 649:KiCad build version: 8.0.4
01-12 16:53:28 com_github_MitjaNemec_PlaceFootprints.action_place_footprints 650:Plugin version: 3.0.0
01-12 16:53:28 com_github_MitjaNemec_PlaceFootprints.action_place_footprints 651:Frame repr: <wx._core.Frame object at 0x0000020800D80310>
01-12 16:53:28 com_github_MitjaNemec_PlaceFootprints.place_footprints 121:getting a list of all footprints on board
01-12 16:53:28 com_github_MitjaNemec_PlaceFootprints.place_footprints 156:Footprint U19 on root level
01-12 16:53:28 com_github_MitjaNemec_PlaceFootprints.place_footprints 156:Footprint C86 on root level
01-12 16:53:28 com_github_MitjaNemec_PlaceFootprints.place_footprints 156:Footprint U20 on root level
01-12 16:53:28 com_github_MitjaNemec_PlaceFootprints.place_footprints 156:Footprint U4 on root level
01-12 16:53:28 com_github_MitjaNemec_PlaceFootprints.place_footprints 156:Footprint C94 on root level
01-12 16:53:28 com_github_MitjaNemec_PlaceFootprints.place_footprints 156:Footprint R50 on root level
01-12 16:53:28 com_github_MitjaNemec_PlaceFootprints.place_footprints 156:Footprint R44 on root level
01-12 16:53:28 com_github_MitjaNemec_PlaceFootprints.place_footprints 156:Footprint U18 on root level
01-12 16:53:28 com_github_MitjaNemec_PlaceFootprints.place_footprints 156:Footprint R43 on root level
01-12 16:53:28 com_github_MitjaNemec_PlaceFootprints.place_footprints 156:Footprint C87 on root level
01-12 16:53:28 com_github_MitjaNemec_PlaceFootprints.place_footprints 156:Footprint C53 on root level
01-12 16:53:28 com_github_MitjaNemec_PlaceFootprints.place_footprints 156:Footprint D13 on root level
01-12 16:53:28 com_github_MitjaNemec_PlaceFootprints.place_footprints 156:Footprint R49 on root level
01-12 16:53:28 com_github_MitjaNemec_PlaceFootprints.place_footprints 156:Footprint D12 on root level
01-12 16:53:28 com_github_MitjaNemec_PlaceFootprints.place_footprints 156:Footprint D18 on root level
01-12 16:53:28 com_github_MitjaNemec_PlaceFootprints.place_footprints 156:Footprint J6 on root level
01-12 16:53:28 com_github_MitjaNemec_PlaceFootprints.place_footprints 156:Footprint C52 on root level
01-12 16:53:28 com_github_MitjaNemec_PlaceFootprints.place_footprints 156:Footprint D11 on root level
01-12 16:53:28 com_github_MitjaNemec_PlaceFootprints.place_footprints 156:Footprint R53 on root level
01-12 16:53:28 com_github_MitjaNemec_PlaceFootprints.place_footprints 156:Footprint C88 on root level
01-12 16:53:28 com_github_MitjaNemec_PlaceFootprints.place_footprints 156:Footprint R45 on root level
01-12 16:53:28 com_github_MitjaNemec_PlaceFootprints.place_footprints 156:Footprint R48 on root level
01-12 16:53:28 com_github_MitjaNemec_PlaceFootprints.place_footprints 156:Footprint C95 on root level
01-12 16:53:28 com_github_MitjaNemec_PlaceFootprints.place_footprints 156:Footprint R51 on root level
01-12 16:53:28 com_github_MitjaNemec_PlaceFootprints.place_footprints 156:Footprint J7 on root level
01-12 16:53:28 com_github_MitjaNemec_PlaceFootprints.place_footprints 156:Footprint C89 on root level
01-12 16:53:28 com_github_MitjaNemec_PlaceFootprints.place_footprints 156:Footprint G*** on root level
01-12 16:53:28 com_github_MitjaNemec_PlaceFootprints.place_footprints 156:Footprint JP3 on root level
01-12 16:53:28 com_github_MitjaNemec_PlaceFootprints.place_footprints 156:Footprint G*** on root level
01-12 16:53:28 com_github_MitjaNemec_PlaceFootprints.place_footprints 156:Footprint G*** on root level
01-12 16:53:28 com_github_MitjaNemec_PlaceFootprints.place_footprints 156:Footprint C96 on root level
01-12 16:53:28 com_github_MitjaNemec_PlaceFootprints.place_footprints 156:Footprint C54 on root level
01-12 16:53:28 com_github_MitjaNemec_PlaceFootprints.place_footprints 156:Footprint JP5 on root level
