2025-03-22 12:39:15,640 [INFO] Activator:176 - 


2025-03-22 12:39:15,645 [INFO] Activator:177 - !SESSION log4j initialized
2025-03-22 12:39:19,798 [INFO] LogOutputStream:77 - [STDOUT_REDIRECT] 
2025-03-22 12:39:23,238 [INFO] ApplicationProperties:184 - Using Application install path: C:\ST\STM32CubeIDE_1.16.1\STM32CubeIDE\plugins\com.st.stm32cube.common.mx_6.12.1.202409122256
2025-03-22 12:39:23,269 [INFO] DbMcusXml:78 - Set database path to: C:\ST\STM32CubeIDE_1.16.1\STM32CubeIDE\plugins\com.st.stm32cube.common.mx_6.12.1.202409122256\\db\/mcu/
2025-03-22 12:39:23,269 [INFO] ApiDb:274 - Set plugin database path to: C:\ST\STM32CubeIDE_1.16.1\STM32CubeIDE\plugins\com.st.stm32cube.common.mx_6.12.1.202409122256\\db\/plugins/boardmanager/
2025-03-22 12:39:23,293 [WARN] ApiDb:259 - Overriding images path with different value:  => C:\ST\STM32CubeIDE_1.16.1\STM32CubeIDE\plugins\com.st.stm32cube.common.mx_6.12.1.202409122256\\db\/plugins/mcufinder/images/
2025-03-22 12:39:23,305 [INFO] ApiDb:250 - Set database path to: C:\Users\efrai\.stmcufinder\plugins\mcufinder//mcu/
2025-03-22 12:39:23,309 [INFO] DbMcusAds:125 - Set database path to: C:\Users\efrai\.stmcufinder\plugins\mcufinder//mcu/
2025-03-22 12:39:23,313 [INFO] CrossReferenceDbSqlite:203 - Set database path to: C:\Users\efrai\.stmcufinder\plugins\mcufinder//mcu/cs/
2025-03-22 12:39:23,538 [INFO] RulesReader:64 - Compatibility file has been processed (297 Rules)
2025-03-22 12:39:23,719 [INFO] DbMcusXml:78 - Set database path to: C:\ST\STM32CubeIDE_1.16.1\STM32CubeIDE\plugins\com.st.stm32cube.common.mx_6.12.1.202409122256\\db\/mcu/
2025-03-22 12:39:23,720 [INFO] ApiDb:274 - Set plugin database path to: C:\ST\STM32CubeIDE_1.16.1\STM32CubeIDE\plugins\com.st.stm32cube.common.mx_6.12.1.202409122256\\db\/plugins/boardmanager/
2025-03-22 12:39:23,720 [INFO] ApiDb:261 - Set plugin images path to: C:\ST\STM32CubeIDE_1.16.1\STM32CubeIDE\plugins\com.st.stm32cube.common.mx_6.12.1.202409122256\\db\/plugins/mcufinder/images/
2025-03-22 12:39:23,721 [WARN] DbFile:41 - Overriding database path with different value: C:\Users\efrai\.stmcufinder\plugins\mcufinder/ => C:\Users\efrai\.stmcufinder\plugins\mcufinder
2025-03-22 12:39:23,721 [INFO] ApiDb:250 - Set database path to: C:\Users\efrai\.stmcufinder\plugins\mcufinder//mcu/
2025-03-22 12:39:23,721 [WARN] DbFile:41 - Overriding database path with different value: C:\Users\efrai\.stmcufinder\plugins\mcufinder/ => C:\Users\efrai\.stmcufinder\plugins\mcufinder
2025-03-22 12:39:23,721 [INFO] DbMcusAds:125 - Set database path to: C:\Users\efrai\.stmcufinder\plugins\mcufinder//mcu/
2025-03-22 12:39:23,722 [WARN] DbFile:41 - Overriding database path with different value: C:\Users\efrai\.stmcufinder\plugins\mcufinder/ => C:\Users\efrai\.stmcufinder\plugins\mcufinder
2025-03-22 12:39:23,722 [WARN] DbFile:41 - Overriding database path with different value: C:\Users\efrai\.stmcufinder\plugins\mcufinder/ => C:\Users\efrai\.stmcufinder\plugins\mcufinder
2025-03-22 12:39:23,722 [INFO] CrossReferenceDbSqlite:203 - Set database path to: C:\Users\efrai\.stmcufinder\plugins\mcufinder//mcu/cs/
2025-03-22 12:39:23,873 [INFO] MainPanel:268 - HeapMemory: 268435456
2025-03-22 12:39:24,029 [INFO] DbMcusXml:78 - Set database path to: C:\ST\STM32CubeIDE_1.16.1\STM32CubeIDE\plugins\com.st.stm32cube.common.mx_6.12.1.202409122256\\db\/mcu/
2025-03-22 12:39:24,030 [INFO] ApiDb:274 - Set plugin database path to: C:\ST\STM32CubeIDE_1.16.1\STM32CubeIDE\plugins\com.st.stm32cube.common.mx_6.12.1.202409122256\\db\/plugins/boardmanager/
2025-03-22 12:39:24,030 [INFO] ApiDb:261 - Set plugin images path to: C:\ST\STM32CubeIDE_1.16.1\STM32CubeIDE\plugins\com.st.stm32cube.common.mx_6.12.1.202409122256\\db\/plugins/mcufinder/images/
2025-03-22 12:39:24,031 [WARN] DbFile:41 - Overriding database path with different value: C:\Users\efrai\.stmcufinder\plugins\mcufinder/ => C:\Users\efrai\.stmcufinder\plugins\mcufinder
2025-03-22 12:39:24,031 [INFO] ApiDb:250 - Set database path to: C:\Users\efrai\.stmcufinder\plugins\mcufinder//mcu/
2025-03-22 12:39:24,031 [WARN] DbFile:41 - Overriding database path with different value: C:\Users\efrai\.stmcufinder\plugins\mcufinder/ => C:\Users\efrai\.stmcufinder\plugins\mcufinder
2025-03-22 12:39:24,032 [INFO] DbMcusAds:125 - Set database path to: C:\Users\efrai\.stmcufinder\plugins\mcufinder//mcu/
2025-03-22 12:39:24,032 [WARN] DbFile:41 - Overriding database path with different value: C:\Users\efrai\.stmcufinder\plugins\mcufinder/ => C:\Users\efrai\.stmcufinder\plugins\mcufinder
2025-03-22 12:39:24,032 [WARN] DbFile:41 - Overriding database path with different value: C:\Users\efrai\.stmcufinder\plugins\mcufinder/ => C:\Users\efrai\.stmcufinder\plugins\mcufinder
2025-03-22 12:39:24,032 [INFO] CrossReferenceDbSqlite:203 - Set database path to: C:\Users\efrai\.stmcufinder\plugins\mcufinder//mcu/cs/
2025-03-22 12:39:24,077 [INFO] ApplicationProperties:184 - Using Application install path: C:\ST\STM32CubeIDE_1.16.1\STM32CubeIDE\plugins\com.st.stm32cube.common.mx_6.12.1.202409122256
2025-03-22 12:39:24,083 [INFO] PluginManage:196 - Search for loadable plugins [exclusion list=, ]
2025-03-22 12:39:24,086 [INFO] PluginManage:310 - Check plugin analytics
2025-03-22 12:39:24,460 [INFO] AnalyticsPlugin:253 - Accepted Software Licenses: STM32CubeMX.6.12.1,STM32CubeMX.6.13.0
2025-03-22 12:39:24,460 [INFO] AnalyticsPlugin:255 - Accepted CMSIS Pack Licenses: 
2025-03-22 12:39:24,460 [INFO] AnalyticsPlugin:257 - Accepted Firmware Licenses: FW.G4.1.6.0
2025-03-22 12:39:24,466 [INFO] PluginManage:359 - Loaded plugin analytics (category:tool,tabindex:-1)
2025-03-22 12:39:24,467 [INFO] PluginManage:310 - Check plugin cadmodel
2025-03-22 12:39:24,473 [INFO] CADModel:105 - Init CAD model plugin
2025-03-22 12:39:24,473 [INFO] PluginManage:359 - Loaded plugin cadmodel (category:power,tabindex:5)
2025-03-22 12:39:24,474 [INFO] PluginManage:310 - Check plugin clock
2025-03-22 12:39:24,490 [INFO] PluginManage:359 - Loaded plugin clock (category:base,tabindex:2)
2025-03-22 12:39:24,490 [INFO] PluginManage:310 - Check plugin ddr
2025-03-22 12:39:24,492 [INFO] PluginManage:359 - Loaded plugin ddr (category:tool,tabindex:6)
2025-03-22 12:39:24,492 [INFO] PluginManage:310 - Check plugin filemanager
2025-03-22 12:39:24,768 [INFO] PluginManage:359 - Loaded plugin filemanager (category:base,tabindex:10)
2025-03-22 12:39:24,768 [INFO] PluginManage:310 - Check plugin ipmanager
2025-03-22 12:39:24,780 [INFO] PluginManage:359 - Loaded plugin ipmanager (category:base,tabindex:5)
2025-03-22 12:39:24,780 [INFO] PluginManage:310 - Check plugin lpbam
2025-03-22 12:39:24,797 [INFO] PluginManage:359 - Loaded plugin lpbam (category:base,tabindex:0)
2025-03-22 12:39:24,798 [INFO] PluginManage:310 - Check plugin memorymap
2025-03-22 12:39:24,819 [INFO] PluginManage:359 - Loaded plugin memorymap (category:base,tabindex:4)
2025-03-22 12:39:24,819 [INFO] PluginManage:310 - Check plugin pinoutandconfiguration
2025-03-22 12:39:24,832 [INFO] PluginManage:359 - Loaded plugin pinoutandconfiguration (category:base,tabindex:1)
2025-03-22 12:39:24,833 [INFO] PluginManage:310 - Check plugin pinoutconfig
2025-03-22 12:39:25,043 [WARN] SupportedApi:132 - Cannot load RTOS API schema: s4s-elt-must-match.1: The content of 'definitions' must match (annotation?, (simpleType | complexType)?, (unique | key | keyref)*)). A problem was found starting at: attribute.
2025-03-22 12:39:25,276 [INFO] PluginManage:359 - Loaded plugin pinoutconfig (category:base,tabindex:0)
2025-03-22 12:39:25,277 [INFO] PluginManage:310 - Check plugin power
2025-03-22 12:39:25,294 [INFO] PluginManage:359 - Loaded plugin power (category:power,tabindex:4)
2025-03-22 12:39:25,294 [INFO] PluginManage:310 - Check plugin projectmanager
2025-03-22 12:39:25,325 [INFO] PluginManage:359 - Loaded plugin projectmanager (category:projectmanager,tabindex:4)
2025-03-22 12:39:25,326 [INFO] PluginManage:310 - Check plugin rif
2025-03-22 12:39:25,334 [INFO] PluginManage:359 - Loaded plugin rif (category:base,tabindex:3)
2025-03-22 12:39:25,334 [INFO] PluginManage:310 - Check plugin thirdparty
2025-03-22 12:39:25,584 [INFO] PluginManage:359 - Loaded plugin thirdparty (category:base,tabindex:-1)
2025-03-22 12:39:25,583 [WARN] IntegrityCheckThread:84 - waiting for thirdparty lock release [integrity check]
2025-03-22 12:39:25,584 [INFO] PluginManage:310 - Check plugin tools
2025-03-22 12:39:25,584 [INFO] IntegrityCheckThread:86 - entering critical section [integrity check]
2025-03-22 12:39:25,585 [INFO] ThirdPartyUpdaterWithRetryManager:70 - Updater plugin not ready yet. [1/15]
2025-03-22 12:39:25,589 [INFO] PluginManage:359 - Loaded plugin tools (category:base,tabindex:7)
2025-03-22 12:39:25,589 [INFO] PluginManage:310 - Check plugin tutovideos
2025-03-22 12:39:25,863 [INFO] PluginManage:359 - Loaded plugin tutovideos (category:base,tabindex:-1)
2025-03-22 12:39:25,864 [INFO] PluginManage:310 - Check plugin updater
2025-03-22 12:39:25,892 [INFO] PluginManage:359 - Loaded plugin updater (category:base,tabindex:12)
2025-03-22 12:39:25,892 [INFO] PluginManage:310 - Check plugin userauth
2025-03-22 12:39:25,901 [INFO] UserAuth:113 - Init User Auth plugin
2025-03-22 12:39:25,901 [INFO] PluginManage:359 - Loaded plugin userauth (category:base,tabindex:14)
2025-03-22 12:39:25,902 [INFO] PluginManage:283 - PluginManage : Loaded plugins [18]
2025-03-22 12:39:26,273 [INFO] PinOutPanel:1561 - setPackage(No Configuration,No Configuration)
2025-03-22 12:39:26,439 [INFO] CADModel:165 - CPN selected for project level
2025-03-22 12:39:26,440 [INFO] CADModel:114 - Register for checkConnection events
2025-03-22 12:39:26,465 [INFO] IPUIPlugin:80 - create IPUIPlugin
2025-03-22 12:39:26,466 [INFO] PluginManager:220 - loadIPPluginJar : add adc
2025-03-22 12:39:26,470 [INFO] IPUIPlugin:80 - create IPUIPlugin
2025-03-22 12:39:26,470 [INFO] PluginManager:220 - loadIPPluginJar : add aes
2025-03-22 12:39:26,473 [INFO] IPUIPlugin:80 - create IPUIPlugin
2025-03-22 12:39:26,473 [INFO] PluginManager:220 - loadIPPluginJar : add can
2025-03-22 12:39:26,476 [INFO] IPUIPlugin:80 - create IPUIPlugin
2025-03-22 12:39:26,477 [INFO] PluginManager:220 - loadIPPluginJar : add comp
2025-03-22 12:39:26,480 [INFO] IPUIPlugin:80 - create IPUIPlugin
2025-03-22 12:39:26,480 [INFO] PluginManager:220 - loadIPPluginJar : add cryp
2025-03-22 12:39:26,483 [INFO] IPUIPlugin:80 - create IPUIPlugin
2025-03-22 12:39:26,484 [INFO] PluginManager:220 - loadIPPluginJar : add ddr_ctrl_phy
2025-03-22 12:39:26,487 [INFO] IPUIPlugin:80 - create IPUIPlugin
2025-03-22 12:39:26,487 [INFO] PluginManager:220 - loadIPPluginJar : add dfsdm
2025-03-22 12:39:26,495 [INFO] IPUIPlugin:80 - create IPUIPlugin
2025-03-22 12:39:26,495 [INFO] PluginManager:220 - loadIPPluginJar : add dma
2025-03-22 12:39:26,499 [INFO] IPUIPlugin:80 - create IPUIPlugin
2025-03-22 12:39:26,499 [INFO] PluginManager:220 - loadIPPluginJar : add dma3
2025-03-22 12:39:26,503 [INFO] IPUIPlugin:80 - create IPUIPlugin
2025-03-22 12:39:26,503 [INFO] PluginManager:220 - loadIPPluginJar : add extmemmanager
2025-03-22 12:39:26,506 [INFO] IPUIPlugin:80 - create IPUIPlugin
2025-03-22 12:39:26,506 [INFO] PluginManager:220 - loadIPPluginJar : add fatfs
2025-03-22 12:39:26,512 [INFO] IPUIPlugin:80 - create IPUIPlugin
2025-03-22 12:39:26,512 [INFO] PluginManager:220 - loadIPPluginJar : add fmc
2025-03-22 12:39:26,520 [INFO] IPUIPlugin:80 - create IPUIPlugin
2025-03-22 12:39:26,520 [INFO] PluginManager:220 - loadIPPluginJar : add freertos
2025-03-22 12:39:26,522 [INFO] IPUIPlugin:80 - create IPUIPlugin
2025-03-22 12:39:26,522 [INFO] PluginManager:220 - loadIPPluginJar : add genericplugin
2025-03-22 12:39:26,525 [INFO] IPUIPlugin:80 - create IPUIPlugin
2025-03-22 12:39:26,525 [INFO] PluginManager:220 - loadIPPluginJar : add gfxmmu
2025-03-22 12:39:26,531 [INFO] IPUIPlugin:80 - create IPUIPlugin
2025-03-22 12:39:26,531 [INFO] PluginManager:220 - loadIPPluginJar : add gic
2025-03-22 12:39:26,536 [INFO] IPUIPlugin:80 - create IPUIPlugin
2025-03-22 12:39:26,537 [INFO] PluginManager:220 - loadIPPluginJar : add gpio
2025-03-22 12:39:26,541 [INFO] IPUIPlugin:80 - create IPUIPlugin
2025-03-22 12:39:26,542 [INFO] PluginManager:220 - loadIPPluginJar : add gtzc
2025-03-22 12:39:26,545 [INFO] IPUIPlugin:80 - create IPUIPlugin
2025-03-22 12:39:26,546 [INFO] PluginManager:220 - loadIPPluginJar : add hash
2025-03-22 12:39:26,550 [INFO] IPUIPlugin:80 - create IPUIPlugin
2025-03-22 12:39:26,551 [INFO] PluginManager:220 - loadIPPluginJar : add i2c
2025-03-22 12:39:26,555 [INFO] IPUIPlugin:80 - create IPUIPlugin
2025-03-22 12:39:26,555 [INFO] PluginManager:220 - loadIPPluginJar : add i2s
2025-03-22 12:39:26,560 [INFO] IPUIPlugin:80 - create IPUIPlugin
2025-03-22 12:39:26,560 [INFO] PluginManager:220 - loadIPPluginJar : add i3c
2025-03-22 12:39:26,565 [INFO] IPUIPlugin:80 - create IPUIPlugin
2025-03-22 12:39:26,565 [INFO] PluginManager:220 - loadIPPluginJar : add ipddr
2025-03-22 12:39:26,577 [INFO] IPUIPlugin:80 - create IPUIPlugin
2025-03-22 12:39:26,578 [INFO] PluginManager:220 - loadIPPluginJar : add linkedlist
2025-03-22 12:39:26,583 [INFO] IPUIPlugin:80 - create IPUIPlugin
2025-03-22 12:39:26,584 [INFO] PluginManager:220 - loadIPPluginJar : add lorawan
2025-03-22 12:39:26,587 [INFO] IPUIPlugin:80 - create IPUIPlugin
2025-03-22 12:39:26,587 [INFO] PluginManager:220 - loadIPPluginJar : add ltdc
2025-03-22 12:39:26,596 [INFO] IPUIPlugin:80 - create IPUIPlugin
2025-03-22 12:39:26,597 [INFO] PluginManager:220 - loadIPPluginJar : add mdma
2025-03-22 12:39:26,603 [INFO] IPUIPlugin:80 - create IPUIPlugin
2025-03-22 12:39:26,603 [INFO] PluginManager:220 - loadIPPluginJar : add nvic
2025-03-22 12:39:26,608 [INFO] IPUIPlugin:80 - create IPUIPlugin
2025-03-22 12:39:26,608 [INFO] PluginManager:220 - loadIPPluginJar : add opamp
2025-03-22 12:39:26,614 [INFO] IPUIPlugin:80 - create IPUIPlugin
2025-03-22 12:39:26,614 [INFO] PluginManager:220 - loadIPPluginJar : add openamp
2025-03-22 12:39:26,620 [INFO] IPUIPlugin:80 - create IPUIPlugin
2025-03-22 12:39:26,620 [INFO] PluginManager:220 - loadIPPluginJar : add pdm2pcm
2025-03-22 12:39:26,631 [INFO] IPUIPlugin:80 - create IPUIPlugin
2025-03-22 12:39:26,636 [INFO] PluginManager:220 - loadIPPluginJar : add plateformsettings
2025-03-22 12:39:26,639 [INFO] IPUIPlugin:80 - create IPUIPlugin
2025-03-22 12:39:26,640 [INFO] PluginManager:220 - loadIPPluginJar : add quadspi
2025-03-22 12:39:26,644 [INFO] IPUIPlugin:80 - create IPUIPlugin
2025-03-22 12:39:26,645 [INFO] PluginManager:220 - loadIPPluginJar : add radio
2025-03-22 12:39:26,652 [INFO] IPUIPlugin:80 - create IPUIPlugin
2025-03-22 12:39:26,652 [INFO] PluginManager:220 - loadIPPluginJar : add resmgrutility
2025-03-22 12:39:26,659 [INFO] IPUIPlugin:80 - create IPUIPlugin
2025-03-22 12:39:26,659 [INFO] PluginManager:220 - loadIPPluginJar : add sai
2025-03-22 12:39:26,665 [INFO] IPUIPlugin:80 - create IPUIPlugin
2025-03-22 12:39:26,665 [INFO] PluginManager:220 - loadIPPluginJar : add spi
2025-03-22 12:39:26,676 [INFO] IPUIPlugin:80 - create IPUIPlugin
2025-03-22 12:39:26,676 [INFO] PluginManager:220 - loadIPPluginJar : add stm32_wpan
2025-03-22 12:39:26,679 [INFO] IPUIPlugin:80 - create IPUIPlugin
2025-03-22 12:39:26,680 [INFO] PluginManager:220 - loadIPPluginJar : add tim
2025-03-22 12:39:26,686 [INFO] IPUIPlugin:80 - create IPUIPlugin
2025-03-22 12:39:26,687 [INFO] PluginManager:220 - loadIPPluginJar : add touchsensing
2025-03-22 12:39:26,690 [INFO] IPUIPlugin:80 - create IPUIPlugin
2025-03-22 12:39:26,691 [INFO] PluginManager:220 - loadIPPluginJar : add tracer_emb
2025-03-22 12:39:26,694 [INFO] IPUIPlugin:80 - create IPUIPlugin
2025-03-22 12:39:26,694 [INFO] PluginManager:220 - loadIPPluginJar : add ts
2025-03-22 12:39:26,698 [INFO] IPUIPlugin:80 - create IPUIPlugin
2025-03-22 12:39:26,698 [INFO] PluginManager:220 - loadIPPluginJar : add tsc
2025-03-22 12:39:26,702 [INFO] IPUIPlugin:80 - create IPUIPlugin
2025-03-22 12:39:26,702 [INFO] PluginManager:220 - loadIPPluginJar : add ucpd
2025-03-22 12:39:26,707 [INFO] IPUIPlugin:80 - create IPUIPlugin
2025-03-22 12:39:26,707 [INFO] PluginManager:220 - loadIPPluginJar : add usart
2025-03-22 12:39:26,712 [INFO] IPUIPlugin:80 - create IPUIPlugin
2025-03-22 12:39:26,713 [INFO] PluginManager:220 - loadIPPluginJar : add usbx
2025-03-22 12:39:26,888 [INFO] CADModel:165 - CPN selected for project level
2025-03-22 12:39:26,888 [INFO] CADModel:114 - Register for checkConnection events
2025-03-22 12:39:26,888 [FATAL] Updater:334 - Updater called before beeing initialized
2025-03-22 12:39:26,889 [ERROR] CADModel:125 - Updater not yet initialized, retry later 
2025-03-22 12:39:27,118 [INFO] CADModel:165 - CPN selected for project level
2025-03-22 12:39:27,118 [INFO] CADModel:114 - Register for checkConnection events
2025-03-22 12:39:27,118 [FATAL] Updater:334 - Updater called before beeing initialized
2025-03-22 12:39:27,118 [ERROR] CADModel:125 - Updater not yet initialized, retry later 
2025-03-22 12:39:27,123 [FATAL] Updater:334 - Updater called before beeing initialized
2025-03-22 12:39:27,312 [FATAL] Updater:334 - Updater called before beeing initialized
2025-03-22 12:39:27,319 [INFO] DbMcusAds:53 - JSON generation date=Thu Mar 06 07:54:22 MST 2025 (1741272862297)
2025-03-22 12:39:27,319 [FATAL] Updater:334 - Updater called before beeing initialized
2025-03-22 12:39:27,385 [WARN] DetailPanel:346 - Failed to get advertising image, set to default
2025-03-22 12:39:27,555 [FATAL] Updater:334 - Updater called before beeing initialized
2025-03-22 12:39:27,558 [FATAL] Updater:334 - Updater called before beeing initialized
2025-03-22 12:39:27,558 [FATAL] Updater:334 - Updater called before beeing initialized
2025-03-22 12:39:27,559 [WARN] DetailPanel:346 - Failed to get advertising image, set to default
2025-03-22 12:39:27,560 [FATAL] Updater:334 - Updater called before beeing initialized
2025-03-22 12:39:27,640 [ERROR] Updater:1164 - MainUpdater not yet initialized. External WinMGr cannot be set.
2025-03-22 12:39:27,644 [INFO] Updater:1100 - Updater Version found : 6.12.1
2025-03-22 12:39:27,669 [INFO] ApplicationProperties:184 - Using Application install path: C:\ST\STM32CubeIDE_1.16.1\STM32CubeIDE\plugins\com.st.stm32cube.common.mx_6.12.1.202409122256
2025-03-22 12:39:28,586 [INFO] ThirdPartyUpdaterWithRetryManager:70 - Updater plugin not ready yet. [2/15]
2025-03-22 12:39:29,252 [ERROR] LogOutputStream:75 - [STDERR_REDIRECT] Mar 22, 2025 12:39:29 PM java.util.prefs.WindowsPreferences <init>
2025-03-22 12:39:29,255 [ERROR] LogOutputStream:75 - [STDERR_REDIRECT] WARNING: Could not open/create prefs root node Software\JavaSoft\Prefs at root 0xffffffff80000002. Windows RegCreateKeyEx(...) returned error code 5.
2025-03-22 12:39:29,255 [ERROR] LogOutputStream:75 - [STDERR_REDIRECT] 
2025-03-22 12:39:29,846 [INFO] MainUpdater:2873 - connection check result : 10
2025-03-22 12:39:29,847 [INFO] MainUpdater:290 - Updater Check For Update Now.
2025-03-22 12:39:29,847 [INFO] MicroXplorer:498 - Change Database Version : DB.6.0.121
2025-03-22 12:39:29,860 [INFO] McuFinderGlobals:63 - Set McuFinder mode to 2 (CubeIDE integrated)
2025-03-22 12:39:29,860 [INFO] UserAuth:417 - Internet connection configuration mode: 1
2025-03-22 12:39:29,898 [INFO] JxBrowserEngine:152 - Initiate JxBrowser Engine with user profile folder
2025-03-22 12:39:30,118 [INFO] CheckServerUpdateThread:120 - End of CheckServer Thread
2025-03-22 12:39:31,048 [INFO] WebApp:167 - Instantiating new browser for Auth
2025-03-22 12:39:32,089 [WARN] PackLoader:240 - Cannot read IP mode file for STMicroelectronics.FP-SNS-MOTENVWB1.1.4.0
2025-03-22 12:39:32,107 [WARN] PackLoader:240 - Cannot read IP mode file for STMicroelectronics.FP-ATR-ASTRA1.2.0.2
2025-03-22 12:39:32,116 [WARN] PackLoader:240 - Cannot read IP mode file for STMicroelectronics.FP-ATR-ASTRA1.2.0.1
2025-03-22 12:39:32,139 [WARN] PackLoader:240 - Cannot read IP mode file for STMicroelectronics.X-CUBE-SMBUS.2.1.0
2025-03-22 12:39:32,158 [WARN] PackLoader:240 - Cannot read IP mode file for STMicroelectronics.X-CUBE-WB05N.1.1.0
2025-03-22 12:39:32,225 [WARN] PackLoader:240 - Cannot read IP mode file for STMicroelectronics.X-CUBE-AZRTOS-F7.1.1.0
2025-03-22 12:39:32,527 [WARN] PackLoader:240 - Cannot read IP mode file for STMicroelectronics.X-CUBE-MEMS1.11.0.0
2025-03-22 12:39:32,842 [INFO] WebApp:448 - Apply proxy settings
2025-03-22 12:39:32,843 [INFO] WebApp:533 - Chromium requires no authentication
2025-03-22 12:39:32,861 [INFO] WebApp:476 - Direct internet connection detected
2025-03-22 12:39:32,901 [WARN] PackLoader:240 - Cannot read IP mode file for STMicroelectronics.FP-SNS-FLIGHT1.5.0.2
2025-03-22 12:39:32,928 [WARN] PackLoader:240 - Cannot read IP mode file for STMicroelectronics.X-CUBE-DISPLAY.3.0.0
2025-03-22 12:39:32,948 [WARN] PackLoader:240 - Cannot read IP mode file for STMicroelectronics.X-CUBE-BLE1.7.0.0
2025-03-22 12:39:32,955 [INFO] WebApp:869 - Register for checkConnection events
2025-03-22 12:39:32,955 [INFO] WebApp:448 - Apply proxy settings
2025-03-22 12:39:32,955 [INFO] WebApp:533 - Chromium requires no authentication
2025-03-22 12:39:32,956 [INFO] WebApp:476 - Direct internet connection detected
2025-03-22 12:39:32,964 [WARN] PackLoader:240 - Cannot read IP mode file for STMicroelectronics.X-CUBE-NFC10.1.0.0
2025-03-22 12:39:33,001 [WARN] PackLoader:240 - Cannot read IP mode file for STMicroelectronics.X-CUBE-BLEMGR.4.0.0
2025-03-22 12:39:33,024 [WARN] PackLoader:240 - Cannot read IP mode file for emotas.I-CUBE-CANOPEN.1.3.0
2025-03-22 12:39:33,042 [WARN] PackLoader:240 - Cannot read IP mode file for STMicroelectronics.X-CUBE-BLEMGR.3.1.0
2025-03-22 12:39:33,055 [WARN] PackLoader:240 - Cannot read IP mode file for STMicroelectronics.X-CUBE-AI.10.0.0
2025-03-22 12:39:33,065 [WARN] PackLoader:240 - Cannot read IP mode file for STMicroelectronics.FP-SNS-SMARTAG2.1.2.0
2025-03-22 12:39:33,152 [WARN] PackLoader:240 - Cannot read IP mode file for STMicroelectronics.X-CUBE-MEMS1.11.1.0
2025-03-22 12:39:33,395 [INFO] LogOutputStream:77 - [STDOUT_REDIRECT] 1 : Invalid condition id : UX_CORESTACK_Condition cause : null
2025-03-22 12:39:33,397 [INFO] LogOutputStream:77 - [STDOUT_REDIRECT] 1 : Invalid condition id : UX_CORESTACK_Condition cause : null
2025-03-22 12:39:33,401 [INFO] LogOutputStream:77 - [STDOUT_REDIRECT] 1 : Invalid condition id : UX_CORESTACK_Condition cause : null
2025-03-22 12:39:33,404 [INFO] LogOutputStream:77 - [STDOUT_REDIRECT] 1 : Invalid condition id : UX_CORESTACK_Condition cause : null
2025-03-22 12:39:33,406 [INFO] LogOutputStream:77 - [STDOUT_REDIRECT] 1 : Invalid condition id : UX_CORESTACK_Condition cause : null
2025-03-22 12:39:33,414 [WARN] PackLoader:240 - Cannot read IP mode file for STMicroelectronics.X-CUBE-AZRTOS-WL.2.0.0
2025-03-22 12:39:33,426 [WARN] PackLoader:240 - Cannot read IP mode file for STMicroelectronics.FP-SNS-MOTENV1.5.0.0
2025-03-22 12:39:33,440 [WARN] PackLoader:240 - Cannot read IP mode file for wolfSSL.I-CUBE-wolfMQTT.1.19.0
2025-03-22 12:39:33,460 [WARN] PackLoader:240 - Cannot read IP mode file for WES.I-CUBE-Cesium.1.3.0
2025-03-22 12:39:33,464 [INFO] WebApp:186 - Connection restablished
2025-03-22 12:39:33,471 [WARN] PackLoader:240 - Cannot read IP mode file for STMicroelectronics.X-CUBE-BLE2.3.3.0
2025-03-22 12:39:33,486 [WARN] PackLoader:240 - Cannot read IP mode file for STMicroelectronics.X-CUBE-NFC9.1.0.0
2025-03-22 12:39:33,495 [INFO] WebApp:220 - Starting web application
2025-03-22 12:39:33,495 [INFO] WebApp:578 - Web application path used C:\ST\STM32CubeIDE_1.16.1\STM32CubeIDE\plugins\com.st.stm32cube.common.mx_6.12.1.202409122256\db\plugins\mcufinder\reactClient1\index.html
2025-03-22 12:39:33,500 [WARN] PackLoader:240 - Cannot read IP mode file for STMicroelectronics.X-CUBE-TCPP.4.1.0
2025-03-22 12:39:33,534 [WARN] PackLoader:240 - Cannot read IP mode file for STMicroelectronics.X-CUBE-AZRTOS-G0.1.1.0
2025-03-22 12:39:33,552 [WARN] PackLoader:240 - Cannot read IP mode file for STMicroelectronics.X-CUBE-SAFEA1.1.2.2
2025-03-22 12:39:33,562 [WARN] PackLoader:240 - Cannot read IP mode file for STMicroelectronics.X-CUBE-NFC4.3.0.0
2025-03-22 12:39:33,582 [WARN] PackLoader:240 - Cannot read IP mode file for EmbeddedOffice.I-CUBE-FS-RTOS.1.0.1
2025-03-22 12:39:33,583 [ERROR] ConditionMgr:805 - Attr not supported : Dmpu
2025-03-22 12:39:33,583 [ERROR] ConditionMgr:805 - Attr not supported : Dmpu
2025-03-22 12:39:33,583 [ERROR] ConditionMgr:805 - Attr not supported : Dmpu
2025-03-22 12:39:33,584 [ERROR] ConditionMgr:805 - Attr not supported : Dmpu
2025-03-22 12:39:33,584 [ERROR] ConditionMgr:805 - Attr not supported : Dmpu
2025-03-22 12:39:33,584 [ERROR] ConditionMgr:805 - Attr not supported : Dmpu
2025-03-22 12:39:33,584 [ERROR] ConditionMgr:805 - Attr not supported : Dmpu
2025-03-22 12:39:33,584 [ERROR] ConditionMgr:805 - Attr not supported : Dmpu
2025-03-22 12:39:33,584 [ERROR] ConditionMgr:805 - Attr not supported : Dmpu
2025-03-22 12:39:33,584 [ERROR] ConditionMgr:805 - Attr not supported : Dmpu
2025-03-22 12:39:33,585 [ERROR] ConditionMgr:805 - Attr not supported : Dmpu
2025-03-22 12:39:33,585 [ERROR] ConditionMgr:805 - Attr not supported : Dmpu
2025-03-22 12:39:33,585 [ERROR] ConditionMgr:805 - Attr not supported : Dmpu
2025-03-22 12:39:33,585 [ERROR] ConditionMgr:805 - Attr not supported : Dmpu
2025-03-22 12:39:33,585 [ERROR] ConditionMgr:805 - Attr not supported : Dmpu
2025-03-22 12:39:33,585 [ERROR] ConditionMgr:805 - Attr not supported : Dmpu
2025-03-22 12:39:33,586 [ERROR] ConditionMgr:805 - Attr not supported : Dmpu
2025-03-22 12:39:33,586 [ERROR] ConditionMgr:805 - Attr not supported : Dmpu
2025-03-22 12:39:33,586 [ERROR] ConditionMgr:805 - Attr not supported : Dmpu
2025-03-22 12:39:33,586 [ERROR] ConditionMgr:805 - Attr not supported : Dmpu
2025-03-22 12:39:33,586 [ERROR] ConditionMgr:805 - Attr not supported : Dmpu
2025-03-22 12:39:33,586 [ERROR] ConditionMgr:805 - Attr not supported : Dmpu
2025-03-22 12:39:33,586 [ERROR] ConditionMgr:805 - Attr not supported : Dmpu
2025-03-22 12:39:33,587 [ERROR] ConditionMgr:805 - Attr not supported : Dmpu
2025-03-22 12:39:33,587 [ERROR] ConditionMgr:805 - Attr not supported : Dmpu
2025-03-22 12:39:33,587 [ERROR] ConditionMgr:805 - Attr not supported : Dmpu
2025-03-22 12:39:33,587 [ERROR] ConditionMgr:805 - Attr not supported : Dmpu
2025-03-22 12:39:33,587 [ERROR] ConditionMgr:805 - Attr not supported : Dmpu
2025-03-22 12:39:33,587 [ERROR] ConditionMgr:805 - Attr not supported : Dmpu
2025-03-22 12:39:33,587 [ERROR] ConditionMgr:805 - Attr not supported : Dmpu
2025-03-22 12:39:33,587 [ERROR] ConditionMgr:805 - Attr not supported : Dmpu
2025-03-22 12:39:33,588 [ERROR] ConditionMgr:805 - Attr not supported : Dmpu
2025-03-22 12:39:33,588 [ERROR] ConditionMgr:805 - Attr not supported : Dmpu
2025-03-22 12:39:33,588 [ERROR] ConditionMgr:805 - Attr not supported : Dmpu
2025-03-22 12:39:33,588 [ERROR] ConditionMgr:805 - Attr not supported : Dmpu
2025-03-22 12:39:33,588 [ERROR] ConditionMgr:805 - Attr not supported : Dmpu
2025-03-22 12:39:33,588 [ERROR] ConditionMgr:805 - Attr not supported : Dmpu
2025-03-22 12:39:33,589 [ERROR] ConditionMgr:805 - Attr not supported : Dmpu
2025-03-22 12:39:33,589 [ERROR] ConditionMgr:805 - Attr not supported : Dmpu
2025-03-22 12:39:33,589 [ERROR] ConditionMgr:805 - Attr not supported : Dmpu
2025-03-22 12:39:33,589 [ERROR] ConditionMgr:805 - Attr not supported : Dmpu
2025-03-22 12:39:33,589 [ERROR] ConditionMgr:805 - Attr not supported : Dmpu
2025-03-22 12:39:33,589 [ERROR] ConditionMgr:805 - Attr not supported : Dmpu
2025-03-22 12:39:33,589 [ERROR] ConditionMgr:805 - Attr not supported : Dmpu
2025-03-22 12:39:33,590 [ERROR] ConditionMgr:805 - Attr not supported : Dmpu
2025-03-22 12:39:33,590 [ERROR] ConditionMgr:805 - Attr not supported : Dmpu
2025-03-22 12:39:33,590 [ERROR] ConditionMgr:805 - Attr not supported : Dmpu
2025-03-22 12:39:33,590 [ERROR] ConditionMgr:805 - Attr not supported : Dmpu
2025-03-22 12:39:33,590 [ERROR] ConditionMgr:805 - Attr not supported : Dmpu
2025-03-22 12:39:33,590 [ERROR] ConditionMgr:805 - Attr not supported : Dmpu
2025-03-22 12:39:33,591 [ERROR] ConditionMgr:805 - Attr not supported : Dmpu
2025-03-22 12:39:33,591 [ERROR] ConditionMgr:805 - Attr not supported : Dmpu
2025-03-22 12:39:33,591 [ERROR] ConditionMgr:805 - Attr not supported : Dmpu
2025-03-22 12:39:33,592 [ERROR] ConditionMgr:805 - Attr not supported : Dmpu
2025-03-22 12:39:33,593 [ERROR] ConditionMgr:805 - Attr not supported : Dmpu
2025-03-22 12:39:33,593 [ERROR] ConditionMgr:805 - Attr not supported : Dmpu
2025-03-22 12:39:33,593 [ERROR] ConditionMgr:805 - Attr not supported : Dmpu
2025-03-22 12:39:33,593 [ERROR] ConditionMgr:805 - Attr not supported : Dmpu
2025-03-22 12:39:33,593 [ERROR] ConditionMgr:805 - Attr not supported : Dmpu
2025-03-22 12:39:33,594 [ERROR] ConditionMgr:805 - Attr not supported : Dmpu
2025-03-22 12:39:33,594 [ERROR] ConditionMgr:805 - Attr not supported : Dmpu
2025-03-22 12:39:33,594 [ERROR] ConditionMgr:805 - Attr not supported : Dmpu
2025-03-22 12:39:33,594 [ERROR] ConditionMgr:805 - Attr not supported : Dmpu
2025-03-22 12:39:33,594 [ERROR] ConditionMgr:805 - Attr not supported : Dmpu
2025-03-22 12:39:33,601 [ERROR] Engine:466 - C:\Users\efrai\.stm32cubemx\thirdparties\pdsc\STMicroelectronics.X-CUBE-TCPP.4.2.0.pdsc: PDSC version is not supported
2025-03-22 12:39:33,612 [WARN] PackLoader:240 - Cannot read IP mode file for RealThread.X-CUBE-RT-Thread_Nano.4.1.1
2025-03-22 12:39:33,620 [WARN] PackLoader:240 - Cannot read IP mode file for STMicroelectronics.FP-ATR-SIGFOX1.3.2.0
2025-03-22 12:39:33,629 [WARN] PackLoader:240 - Cannot read IP mode file for wolfSSL.I-CUBE-wolfSSL.5.7.2
2025-03-22 12:39:33,637 [WARN] ConditionMgr:438 - getConditionDescription Invalid condition id : Cortex-A Device cause : null
2025-03-22 12:39:33,673 [WARN] ConditionMgr:1039 - genDependencies : Invalid condition id : Cortex-A Device cause : null
2025-03-22 12:39:33,674 [WARN] ConditionMgr:1039 - genDependencies : Invalid condition id : Cortex-A Device cause : null
2025-03-22 12:39:33,675 [WARN] ConditionMgr:1039 - genDependencies : Invalid condition id : Cortex-A Device cause : null
2025-03-22 12:39:33,695 [WARN] PackLoader:240 - Cannot read IP mode file for STMicroelectronics.X-CUBE-EEPRMA1.5.1.0
2025-03-22 12:39:33,717 [WARN] PackLoader:240 - Cannot read IP mode file for ITTIA_DB.I-CUBE-ITTIADB.8.9.0
2025-03-22 12:39:33,759 [INFO] UserAuth:417 - Internet connection configuration mode: 1
2025-03-22 12:39:33,796 [WARN] PackLoader:240 - Cannot read IP mode file for SEGGER.I-CUBE-embOS.1.3.1
2025-03-22 12:39:33,934 [WARN] PackLoader:240 - Cannot read IP mode file for STMicroelectronics.X-CUBE-ALGOBUILD.1.4.0
2025-03-22 12:39:33,941 [WARN] PackLoader:240 - Cannot read IP mode file for STMicroelectronics.X-CUBE-AI.9.1.0
2025-03-22 12:39:33,980 [WARN] PackLoader:240 - Cannot read IP mode file for STMicroelectronics.X-CUBE-AZRTOS-F4.1.1.0
2025-03-22 12:39:33,993 [WARN] PackLoader:240 - Cannot read IP mode file for STMicroelectronics.X-CUBE-ISPU.2.1.0
2025-03-22 12:39:34,005 [WARN] PackLoader:240 - Cannot read IP mode file for STMicroelectronics.X-CUBE-FREERTOS.1.2.0
2025-03-22 12:39:34,037 [WARN] PackLoader:240 - Cannot read IP mode file for STMicroelectronics.X-CUBE-AZRTOS-L5.2.0.0
2025-03-22 12:39:34,056 [WARN] PackLoader:240 - Cannot read IP mode file for STMicroelectronics.X-CUBE-NFC6.3.1.0
2025-03-22 12:39:34,072 [WARN] PackLoader:240 - Cannot read IP mode file for STMicroelectronics.X-CUBE-DPower.1.2.0
2025-03-22 12:39:34,083 [WARN] PackLoader:240 - Cannot read IP mode file for STMicroelectronics.X-CUBE-FREERTOS.1.3.0
2025-03-22 12:39:34,096 [WARN] PackLoader:240 - Cannot read IP mode file for STMicroelectronics.X-CUBE-NFC7.1.0.1
2025-03-22 12:39:34,135 [WARN] ConditionMgr:438 - getConditionDescription Invalid condition id : LAN8742 Phy interface Condition cause : null
2025-03-22 12:39:34,136 [WARN] PackLoader:240 - Cannot read IP mode file for STMicroelectronics.X-CUBE-AZRTOS-L4.2.0.0
2025-03-22 12:39:34,139 [WARN] ConditionMgr:1039 - genDependencies : Invalid condition id : LAN8742 Phy interface Condition cause : null
2025-03-22 12:39:34,140 [WARN] ConditionMgr:1039 - genDependencies : Invalid condition id : LAN8742 Phy interface Condition cause : null
2025-03-22 12:39:34,141 [WARN] ConditionMgr:1039 - genDependencies : Invalid condition id : LAN8742 Phy interface Condition cause : null
2025-03-22 12:39:34,159 [WARN] PackLoader:240 - Cannot read IP mode file for STMicroelectronics.X-CUBE-SFXS2LP1.4.0.0
2025-03-22 12:39:34,204 [WARN] PackLoader:240 - Cannot read IP mode file for STMicroelectronics.X-CUBE-AZRTOS-H7.3.3.0
2025-03-22 12:39:34,230 [WARN] PackLoader:240 - Cannot read IP mode file for STMicroelectronics.X-CUBE-IPS.3.0.0
2025-03-22 12:39:34,263 [WARN] ConditionMgr:438 - getConditionDescription Invalid condition id : UX DEVICE CLASS RTOS Condition cause : null
2025-03-22 12:39:34,263 [WARN] ConditionMgr:438 - getConditionDescription Invalid condition id : UX DEVICE CLASS RTOS Condition cause : null
2025-03-22 12:39:34,270 [WARN] PackLoader:240 - Cannot read IP mode file for STMicroelectronics.X-CUBE-AZRTOS-WB.2.0.0
2025-03-22 12:39:34,271 [WARN] ConditionMgr:1039 - genDependencies : Invalid condition id : UX DEVICE CLASS RTOS Condition cause : null
2025-03-22 12:39:34,271 [WARN] ConditionMgr:1039 - genDependencies : Invalid condition id : UX DEVICE CLASS RTOS Condition cause : null
2025-03-22 12:39:34,273 [WARN] ConditionMgr:1039 - genDependencies : Invalid condition id : UX DEVICE CLASS RTOS Condition cause : null
2025-03-22 12:39:34,274 [WARN] ConditionMgr:1039 - genDependencies : Invalid condition id : UX DEVICE CLASS RTOS Condition cause : null
2025-03-22 12:39:34,275 [WARN] ConditionMgr:1039 - genDependencies : Invalid condition id : UX DEVICE CLASS RTOS Condition cause : null
2025-03-22 12:39:34,305 [WARN] PackLoader:240 - Cannot read IP mode file for STMicroelectronics.X-CUBE-GNSS1.7.0.0
2025-03-22 12:39:34,316 [WARN] PackLoader:240 - Cannot read IP mode file for STMicroelectronics.X-CUBE-GNSS1.7.0.1
2025-03-22 12:39:34,330 [WARN] PackLoader:240 - Cannot read IP mode file for STMicroelectronics.FP-SNS-STBOX1.2.0.0
2025-03-22 12:39:34,359 [WARN] PackLoader:240 - Cannot read IP mode file for STMicroelectronics.X-CUBE-SUBG2.5.0.0
2025-03-22 12:39:34,396 [WARN] PackLoader:240 - Cannot read IP mode file for Cesanta.I-CUBE-Mongoose.7.13.0
2025-03-22 12:39:34,432 [WARN] PackLoader:240 - Cannot read IP mode file for STMicroelectronics.X-CUBE-AZRTOS-G4.2.0.0
2025-03-22 12:39:34,446 [ERROR] Engine:466 - C:\Users\efrai\.stm32cubemx\thirdparties\pdsc\STMicroelectronics.X-CUBE-IPS.3.1.0.pdsc: PDSC version is not supported
2025-03-22 12:39:34,456 [WARN] PackLoader:240 - Cannot read IP mode file for STMicroelectronics.X-CUBE-ALS.1.0.2
2025-03-22 12:39:34,467 [WARN] PackLoader:240 - Cannot read IP mode file for STMicroelectronics.X-CUBE-TOUCHGFX.4.24.2
2025-03-22 12:39:34,472 [WARN] PackLoader:240 - Cannot read IP mode file for STMicroelectronics.X-CUBE-TOUCHGFX.4.24.1
2025-03-22 12:39:34,481 [WARN] PackLoader:240 - Cannot read IP mode file for wolfSSL.I-CUBE-wolfTPM.3.4.0
2025-03-22 12:39:34,495 [WARN] PackLoader:240 - Cannot read IP mode file for portGmbH.I-Cube-SoM-uGOAL.1.1.0
2025-03-22 12:39:34,533 [WARN] PackLoader:240 - Cannot read IP mode file for STMicroelectronics.X-CUBE-AZRTOS-H7RS.1.0.0
2025-03-22 12:39:34,544 [WARN] PackLoader:240 - Cannot read IP mode file for STMicroelectronics.FP-ATR-ASTRA1.2.0.0
2025-03-22 12:39:34,565 [WARN] PackLoader:240 - Cannot read IP mode file for STMicroelectronics.X-CUBE-TOF1.3.4.2
2025-03-22 12:39:34,632 [WARN] PackLoader:240 - Cannot read IP mode file for Infineon.AIROC-Wi-Fi-Bluetooth-STM32.1.6.1
2025-03-22 12:39:34,650 [WARN] PackLoader:240 - Cannot read IP mode file for wolfSSL.I-CUBE-wolfSSH.1.4.17
2025-03-22 12:39:34,652 [INFO] ThirdParty:978 - Integrity check success = true
2025-03-22 12:39:34,652 [INFO] IntegrityCheckThread:100 - exiting critical section [integrity check]
2025-03-22 12:39:34,652 [INFO] IntegrityCheckThread:103 - End integrity checks thread
2025-03-22 12:44:52,302 [INFO] Activator:176 - 


2025-03-22 12:44:52,306 [INFO] Activator:177 - !SESSION log4j initialized
2025-03-22 12:44:59,733 [INFO] LogOutputStream:77 - [STDOUT_REDIRECT] 
2025-03-22 12:45:07,057 [INFO] ApplicationProperties:184 - Using Application install path: C:\ST\STM32CubeIDE_1.17.0\STM32CubeIDE\plugins\com.st.stm32cube.common.mx_6.13.0.202411220809
2025-03-22 12:45:07,095 [INFO] DbMcusXml:78 - Set database path to: C:\ST\STM32CubeIDE_1.17.0\STM32CubeIDE\plugins\com.st.stm32cube.common.mx_6.13.0.202411220809\\db\/mcu/
2025-03-22 12:45:07,095 [INFO] ApiDb:274 - Set plugin database path to: C:\ST\STM32CubeIDE_1.17.0\STM32CubeIDE\plugins\com.st.stm32cube.common.mx_6.13.0.202411220809\\db\/plugins/boardmanager/
2025-03-22 12:45:07,097 [WARN] ApiDb:259 - Overriding images path with different value:  => C:\ST\STM32CubeIDE_1.17.0\STM32CubeIDE\plugins\com.st.stm32cube.common.mx_6.13.0.202411220809\\db\/plugins/mcufinder/images/
2025-03-22 12:45:07,113 [INFO] ApiDb:250 - Set database path to: C:\Users\efrai\.stmcufinder\plugins\mcufinder//mcu/
2025-03-22 12:45:07,116 [INFO] DbMcusAds:125 - Set database path to: C:\Users\efrai\.stmcufinder\plugins\mcufinder//mcu/
2025-03-22 12:45:07,122 [INFO] CrossReferenceDbSqlite:203 - Set database path to: C:\Users\efrai\.stmcufinder\plugins\mcufinder//mcu/cs/
2025-03-22 12:45:07,412 [INFO] RulesReader:64 - Compatibility file has been processed (297 Rules)
2025-03-22 12:45:07,705 [INFO] DbMcusXml:78 - Set database path to: C:\ST\STM32CubeIDE_1.17.0\STM32CubeIDE\plugins\com.st.stm32cube.common.mx_6.13.0.202411220809\\db\/mcu/
2025-03-22 12:45:07,705 [INFO] ApiDb:274 - Set plugin database path to: C:\ST\STM32CubeIDE_1.17.0\STM32CubeIDE\plugins\com.st.stm32cube.common.mx_6.13.0.202411220809\\db\/plugins/boardmanager/
2025-03-22 12:45:07,706 [INFO] ApiDb:261 - Set plugin images path to: C:\ST\STM32CubeIDE_1.17.0\STM32CubeIDE\plugins\com.st.stm32cube.common.mx_6.13.0.202411220809\\db\/plugins/mcufinder/images/
2025-03-22 12:45:07,706 [WARN] DbFile:41 - Overriding database path with different value: C:\Users\efrai\.stmcufinder\plugins\mcufinder/ => C:\Users\efrai\.stmcufinder\plugins\mcufinder
2025-03-22 12:45:07,707 [INFO] ApiDb:250 - Set database path to: C:\Users\efrai\.stmcufinder\plugins\mcufinder//mcu/
2025-03-22 12:45:07,707 [WARN] DbFile:41 - Overriding database path with different value: C:\Users\efrai\.stmcufinder\plugins\mcufinder/ => C:\Users\efrai\.stmcufinder\plugins\mcufinder
2025-03-22 12:45:07,707 [INFO] DbMcusAds:125 - Set database path to: C:\Users\efrai\.stmcufinder\plugins\mcufinder//mcu/
2025-03-22 12:45:07,707 [WARN] DbFile:41 - Overriding database path with different value: C:\Users\efrai\.stmcufinder\plugins\mcufinder/ => C:\Users\efrai\.stmcufinder\plugins\mcufinder
2025-03-22 12:45:07,708 [WARN] DbFile:41 - Overriding database path with different value: C:\Users\efrai\.stmcufinder\plugins\mcufinder/ => C:\Users\efrai\.stmcufinder\plugins\mcufinder
2025-03-22 12:45:07,708 [INFO] CrossReferenceDbSqlite:203 - Set database path to: C:\Users\efrai\.stmcufinder\plugins\mcufinder//mcu/cs/
2025-03-22 12:45:07,901 [INFO] MainPanel:272 - HeapMemory: 268435456
2025-03-22 12:45:08,161 [INFO] DbMcusXml:78 - Set database path to: C:\ST\STM32CubeIDE_1.17.0\STM32CubeIDE\plugins\com.st.stm32cube.common.mx_6.13.0.202411220809\\db\/mcu/
2025-03-22 12:45:08,161 [INFO] ApiDb:274 - Set plugin database path to: C:\ST\STM32CubeIDE_1.17.0\STM32CubeIDE\plugins\com.st.stm32cube.common.mx_6.13.0.202411220809\\db\/plugins/boardmanager/
2025-03-22 12:45:08,163 [INFO] ApiDb:261 - Set plugin images path to: C:\ST\STM32CubeIDE_1.17.0\STM32CubeIDE\plugins\com.st.stm32cube.common.mx_6.13.0.202411220809\\db\/plugins/mcufinder/images/
2025-03-22 12:45:08,163 [WARN] DbFile:41 - Overriding database path with different value: C:\Users\efrai\.stmcufinder\plugins\mcufinder/ => C:\Users\efrai\.stmcufinder\plugins\mcufinder
2025-03-22 12:45:08,164 [INFO] ApiDb:250 - Set database path to: C:\Users\efrai\.stmcufinder\plugins\mcufinder//mcu/
2025-03-22 12:45:08,164 [WARN] DbFile:41 - Overriding database path with different value: C:\Users\efrai\.stmcufinder\plugins\mcufinder/ => C:\Users\efrai\.stmcufinder\plugins\mcufinder
2025-03-22 12:45:08,164 [INFO] DbMcusAds:125 - Set database path to: C:\Users\efrai\.stmcufinder\plugins\mcufinder//mcu/
2025-03-22 12:45:08,164 [WARN] DbFile:41 - Overriding database path with different value: C:\Users\efrai\.stmcufinder\plugins\mcufinder/ => C:\Users\efrai\.stmcufinder\plugins\mcufinder
2025-03-22 12:45:08,165 [WARN] DbFile:41 - Overriding database path with different value: C:\Users\efrai\.stmcufinder\plugins\mcufinder/ => C:\Users\efrai\.stmcufinder\plugins\mcufinder
2025-03-22 12:45:08,165 [INFO] CrossReferenceDbSqlite:203 - Set database path to: C:\Users\efrai\.stmcufinder\plugins\mcufinder//mcu/cs/
2025-03-22 12:45:08,210 [INFO] ApplicationProperties:184 - Using Application install path: C:\ST\STM32CubeIDE_1.17.0\STM32CubeIDE\plugins\com.st.stm32cube.common.mx_6.13.0.202411220809
2025-03-22 12:45:08,212 [INFO] PluginManage:196 - Search for loadable plugins [exclusion list=, ]
2025-03-22 12:45:08,216 [INFO] PluginManage:310 - Check plugin analytics
2025-03-22 12:45:08,483 [FATAL] PluginManage:371 - Exception caught
java.lang.reflect.InvocationTargetException: null
	at jdk.internal.reflect.DirectConstructorHandleAccessor.newInstance(DirectConstructorHandleAccessor.java:74) ~[?:?]
	at java.lang.reflect.Constructor.newInstanceWithCaller(Constructor.java:502) ~[?:?]
	at java.lang.reflect.Constructor.newInstance(Constructor.java:486) ~[?:?]
	at com.st.microxplorer.plugin.PluginManage.loadPluginJar(PluginManage.java:352) ~[STM32CubeMX.jar:?]
	at com.st.microxplorer.plugin.PluginManage.PluginSearch(PluginManage.java:224) ~[STM32CubeMX.jar:?]
	at com.st.microxplorer.plugin.PluginManage.PluginDiscovery(PluginManage.java:67) ~[STM32CubeMX.jar:?]
	at com.st.microxplorer.maingui.MainPanel.initialization(MainPanel.java:329) ~[STM32CubeMX.jar:?]
	at com.st.microxplorer.maingui.AppletMainFrameCubeIde.init(AppletMainFrameCubeIde.java:242) ~[STM32CubeMX.jar:?]
	at com.st.stm32cube.common.mx.core.CubeMxInstance.<init>(CubeMxInstance.java:117) ~[com.st.stm32cube.common.mx_6.13.0.202411220809/:?]
	at com.st.stm32cube.common.mx.core.CubeMxInstance.getInstance(CubeMxInstance.java:91) ~[com.st.stm32cube.common.mx_6.13.0.202411220809/:?]
	at com.st.stm32cube.common.mx.userauth.UserAuthAdapter.<init>(UserAuthAdapter.java:25) ~[com.st.stm32cube.common.mx_6.13.0.202411220809/:?]
	at com.st.stm32cube.common.mx.userauth.UserAuthProvider.getUserAuthAdapter(UserAuthProvider.java:16) ~[com.st.stm32cube.common.mx_6.13.0.202411220809/:?]
	at com.st.stm32cube.common.ecosystemintegration.ui.core.MCUEcoSystemIntegrationUiHelper.getUserAuth(MCUEcoSystemIntegrationUiHelper.java:100) ~[?:?]
	at com.st.stm32cube.ide.mcu.userauth.UserAuthStartup.earlyStartup(UserAuthStartup.java:32) ~[?:?]
	at org.eclipse.ui.internal.EarlyStartupRunnable.runEarlyStartup(EarlyStartupRunnable.java:79) ~[?:?]
	at org.eclipse.ui.internal.EarlyStartupRunnable.run(EarlyStartupRunnable.java:55) ~[?:?]
	at org.eclipse.core.runtime.SafeRunner.run(SafeRunner.java:47) ~[org.eclipse.equinox.common_3.18.200.v20231106-1826.jar:?]
	at org.eclipse.ui.internal.Workbench$39.run(Workbench.java:2762) ~[?:?]
	at org.eclipse.core.internal.jobs.Worker.run(Worker.java:63) ~[?:?]
Caused by: java.lang.ExceptionInInitializerError
	at com.st.library.analyticscore.AnalyticsContext.<init>(AnalyticsContext.java:189) ~[analytics.jar:?]
	at com.st.library.dynamicproxy.AnalyticsInvocationHandler.<init>(AnalyticsInvocationHandler.java:46) ~[analytics.jar:?]
	at com.st.library.builder.AnalyticsBuilder.getAnalytics(AnalyticsBuilder.java:43) ~[analytics.jar:?]
	at com.st.library.analyticscore.AnalyticsAPI.initialize(AnalyticsAPI.java:157) ~[analytics.jar:?]
	at com.st.microxplorer.plugins.analytics.AnalyticsPlugin.<init>(AnalyticsPlugin.java:236) ~[analytics.jar:?]
	at jdk.internal.reflect.DirectConstructorHandleAccessor.newInstance(DirectConstructorHandleAccessor.java:62) ~[?:?]
	... 18 more
Caused by: com.thoughtworks.xstream.InitializationException: Could not instantiate converter : com.thoughtworks.xstream.converters.time.JapaneseEraConverter
	at com.thoughtworks.xstream.XStream.registerConverterDynamically(XStream.java:1098) ~[analytics.jar:?]
	at com.thoughtworks.xstream.XStream.setupConverters(XStream.java:1042) ~[analytics.jar:?]
	at com.thoughtworks.xstream.XStream.<init>(XStream.java:555) ~[analytics.jar:?]
	at com.thoughtworks.xstream.XStream.<init>(XStream.java:483) ~[analytics.jar:?]
	at com.thoughtworks.xstream.XStream.<init>(XStream.java:457) ~[analytics.jar:?]
	at com.thoughtworks.xstream.XStream.<init>(XStream.java:410) ~[analytics.jar:?]
	at com.thoughtworks.xstream.XStream.<init>(XStream.java:384) ~[analytics.jar:?]
	at com.st.library.rawvaluescontainer.FilesUtils.<clinit>(FilesUtils.java:51) ~[analytics.jar:?]
	at com.st.library.analyticscore.AnalyticsContext.<init>(AnalyticsContext.java:189) ~[analytics.jar:?]
	at com.st.library.dynamicproxy.AnalyticsInvocationHandler.<init>(AnalyticsInvocationHandler.java:46) ~[analytics.jar:?]
	at com.st.library.builder.AnalyticsBuilder.getAnalytics(AnalyticsBuilder.java:43) ~[analytics.jar:?]
	at com.st.library.analyticscore.AnalyticsAPI.initialize(AnalyticsAPI.java:157) ~[analytics.jar:?]
	at com.st.microxplorer.plugins.analytics.AnalyticsPlugin.<init>(AnalyticsPlugin.java:236) ~[analytics.jar:?]
	at jdk.internal.reflect.DirectConstructorHandleAccessor.newInstance(DirectConstructorHandleAccessor.java:62) ~[?:?]
	... 18 more
Caused by: java.lang.IllegalStateException: Module has been uninstalled. osgi.identity; type="osgi.bundle"; version:Version="6.13.0.202411220809"; osgi.identity="com.st.stm32cube.common.mx"; singleton:="true" [id=13]
	at org.eclipse.osgi.container.Module.checkValid(Module.java:560) ~[?:?]
	at org.eclipse.osgi.container.Module.start(Module.java:421) ~[?:?]
	at org.eclipse.osgi.framework.util.SecureAction.start(SecureAction.java:513) ~[?:?]
	at org.eclipse.osgi.internal.hooks.EclipseLazyStarter.postFindLocalClass(EclipseLazyStarter.java:117) ~[?:?]
	at org.eclipse.osgi.internal.loader.classpath.ClasspathManager.findLocalClass(ClasspathManager.java:570) ~[?:?]
	at org.eclipse.osgi.internal.loader.ModuleClassLoader.findLocalClass(ModuleClassLoader.java:335) ~[?:?]
	at org.eclipse.osgi.internal.loader.BundleLoader.findLocalClass(BundleLoader.java:397) ~[?:?]
	at org.eclipse.osgi.internal.loader.BundleLoader.findClass0(BundleLoader.java:500) ~[?:?]
	at org.eclipse.osgi.internal.loader.BundleLoader.findClass(BundleLoader.java:416) ~[?:?]
	at org.eclipse.osgi.internal.loader.ModuleClassLoader.loadClass(ModuleClassLoader.java:168) ~[?:?]
	at java.lang.ClassLoader.loadClass(ClassLoader.java:526) ~[?:?]
	at com.thoughtworks.xstream.core.util.CompositeClassLoader.loadClass(CompositeClassLoader.java:136) ~[analytics.jar:?]
	at java.lang.Class.forName0(Native Method) ~[?:?]
	at java.lang.Class.forName(Class.java:534) ~[?:?]
	at java.lang.Class.forName(Class.java:513) ~[?:?]
	at com.thoughtworks.xstream.XStream.registerConverterDynamically(XStream.java:1089) ~[analytics.jar:?]
	at com.thoughtworks.xstream.XStream.setupConverters(XStream.java:1042) ~[analytics.jar:?]
	at com.thoughtworks.xstream.XStream.<init>(XStream.java:555) ~[analytics.jar:?]
	at com.thoughtworks.xstream.XStream.<init>(XStream.java:483) ~[analytics.jar:?]
	at com.thoughtworks.xstream.XStream.<init>(XStream.java:457) ~[analytics.jar:?]
	at com.thoughtworks.xstream.XStream.<init>(XStream.java:410) ~[analytics.jar:?]
	at com.thoughtworks.xstream.XStream.<init>(XStream.java:384) ~[analytics.jar:?]
	at com.st.library.rawvaluescontainer.FilesUtils.<clinit>(FilesUtils.java:51) ~[analytics.jar:?]
	at com.st.library.analyticscore.AnalyticsContext.<init>(AnalyticsContext.java:189) ~[analytics.jar:?]
	at com.st.library.dynamicproxy.AnalyticsInvocationHandler.<init>(AnalyticsInvocationHandler.java:46) ~[analytics.jar:?]
	at com.st.library.builder.AnalyticsBuilder.getAnalytics(AnalyticsBuilder.java:43) ~[analytics.jar:?]
	at com.st.library.analyticscore.AnalyticsAPI.initialize(AnalyticsAPI.java:157) ~[analytics.jar:?]
	at com.st.microxplorer.plugins.analytics.AnalyticsPlugin.<init>(AnalyticsPlugin.java:236) ~[analytics.jar:?]
	at jdk.internal.reflect.DirectConstructorHandleAccessor.newInstance(DirectConstructorHandleAccessor.java:62) ~[?:?]
	... 18 more
2025-03-22 12:45:26,545 [INFO] Activator:176 - 


2025-03-22 12:45:26,548 [INFO] Activator:177 - !SESSION log4j initialized
2025-03-22 12:45:32,625 [INFO] LogOutputStream:77 - [STDOUT_REDIRECT] 
2025-03-22 12:45:35,907 [INFO] ApplicationProperties:184 - Using Application install path: C:\ST\STM32CubeIDE_1.17.0\STM32CubeIDE\plugins\com.st.stm32cube.common.mx_6.13.0.202411220809
2025-03-22 12:45:35,938 [INFO] DbMcusXml:78 - Set database path to: C:\ST\STM32CubeIDE_1.17.0\STM32CubeIDE\plugins\com.st.stm32cube.common.mx_6.13.0.202411220809\\db\/mcu/
2025-03-22 12:45:35,939 [INFO] ApiDb:274 - Set plugin database path to: C:\ST\STM32CubeIDE_1.17.0\STM32CubeIDE\plugins\com.st.stm32cube.common.mx_6.13.0.202411220809\\db\/plugins/boardmanager/
2025-03-22 12:45:35,939 [WARN] ApiDb:259 - Overriding images path with different value:  => C:\ST\STM32CubeIDE_1.17.0\STM32CubeIDE\plugins\com.st.stm32cube.common.mx_6.13.0.202411220809\\db\/plugins/mcufinder/images/
2025-03-22 12:45:35,949 [INFO] ApiDb:250 - Set database path to: C:\Users\efrai\.stmcufinder\plugins\mcufinder//mcu/
2025-03-22 12:45:35,951 [INFO] DbMcusAds:125 - Set database path to: C:\Users\efrai\.stmcufinder\plugins\mcufinder//mcu/
2025-03-22 12:45:35,956 [INFO] CrossReferenceDbSqlite:203 - Set database path to: C:\Users\efrai\.stmcufinder\plugins\mcufinder//mcu/cs/
2025-03-22 12:45:36,177 [INFO] RulesReader:64 - Compatibility file has been processed (297 Rules)
2025-03-22 12:45:36,333 [INFO] DbMcusXml:78 - Set database path to: C:\ST\STM32CubeIDE_1.17.0\STM32CubeIDE\plugins\com.st.stm32cube.common.mx_6.13.0.202411220809\\db\/mcu/
2025-03-22 12:45:36,333 [INFO] ApiDb:274 - Set plugin database path to: C:\ST\STM32CubeIDE_1.17.0\STM32CubeIDE\plugins\com.st.stm32cube.common.mx_6.13.0.202411220809\\db\/plugins/boardmanager/
2025-03-22 12:45:36,335 [INFO] ApiDb:261 - Set plugin images path to: C:\ST\STM32CubeIDE_1.17.0\STM32CubeIDE\plugins\com.st.stm32cube.common.mx_6.13.0.202411220809\\db\/plugins/mcufinder/images/
2025-03-22 12:45:36,335 [WARN] DbFile:41 - Overriding database path with different value: C:\Users\efrai\.stmcufinder\plugins\mcufinder/ => C:\Users\efrai\.stmcufinder\plugins\mcufinder
2025-03-22 12:45:36,336 [INFO] ApiDb:250 - Set database path to: C:\Users\efrai\.stmcufinder\plugins\mcufinder//mcu/
2025-03-22 12:45:36,336 [WARN] DbFile:41 - Overriding database path with different value: C:\Users\efrai\.stmcufinder\plugins\mcufinder/ => C:\Users\efrai\.stmcufinder\plugins\mcufinder
2025-03-22 12:45:36,336 [INFO] DbMcusAds:125 - Set database path to: C:\Users\efrai\.stmcufinder\plugins\mcufinder//mcu/
2025-03-22 12:45:36,336 [WARN] DbFile:41 - Overriding database path with different value: C:\Users\efrai\.stmcufinder\plugins\mcufinder/ => C:\Users\efrai\.stmcufinder\plugins\mcufinder
2025-03-22 12:45:36,336 [WARN] DbFile:41 - Overriding database path with different value: C:\Users\efrai\.stmcufinder\plugins\mcufinder/ => C:\Users\efrai\.stmcufinder\plugins\mcufinder
2025-03-22 12:45:36,336 [INFO] CrossReferenceDbSqlite:203 - Set database path to: C:\Users\efrai\.stmcufinder\plugins\mcufinder//mcu/cs/
2025-03-22 12:45:36,465 [INFO] MainPanel:272 - HeapMemory: 268435456
2025-03-22 12:45:36,623 [INFO] DbMcusXml:78 - Set database path to: C:\ST\STM32CubeIDE_1.17.0\STM32CubeIDE\plugins\com.st.stm32cube.common.mx_6.13.0.202411220809\\db\/mcu/
2025-03-22 12:45:36,623 [INFO] ApiDb:274 - Set plugin database path to: C:\ST\STM32CubeIDE_1.17.0\STM32CubeIDE\plugins\com.st.stm32cube.common.mx_6.13.0.202411220809\\db\/plugins/boardmanager/
2025-03-22 12:45:36,623 [INFO] ApiDb:261 - Set plugin images path to: C:\ST\STM32CubeIDE_1.17.0\STM32CubeIDE\plugins\com.st.stm32cube.common.mx_6.13.0.202411220809\\db\/plugins/mcufinder/images/
2025-03-22 12:45:36,624 [WARN] DbFile:41 - Overriding database path with different value: C:\Users\efrai\.stmcufinder\plugins\mcufinder/ => C:\Users\efrai\.stmcufinder\plugins\mcufinder
2025-03-22 12:45:36,624 [INFO] ApiDb:250 - Set database path to: C:\Users\efrai\.stmcufinder\plugins\mcufinder//mcu/
2025-03-22 12:45:36,624 [WARN] DbFile:41 - Overriding database path with different value: C:\Users\efrai\.stmcufinder\plugins\mcufinder/ => C:\Users\efrai\.stmcufinder\plugins\mcufinder
2025-03-22 12:45:36,624 [INFO] DbMcusAds:125 - Set database path to: C:\Users\efrai\.stmcufinder\plugins\mcufinder//mcu/
2025-03-22 12:45:36,624 [WARN] DbFile:41 - Overriding database path with different value: C:\Users\efrai\.stmcufinder\plugins\mcufinder/ => C:\Users\efrai\.stmcufinder\plugins\mcufinder
2025-03-22 12:45:36,625 [WARN] DbFile:41 - Overriding database path with different value: C:\Users\efrai\.stmcufinder\plugins\mcufinder/ => C:\Users\efrai\.stmcufinder\plugins\mcufinder
2025-03-22 12:45:36,625 [INFO] CrossReferenceDbSqlite:203 - Set database path to: C:\Users\efrai\.stmcufinder\plugins\mcufinder//mcu/cs/
2025-03-22 12:45:36,659 [INFO] ApplicationProperties:184 - Using Application install path: C:\ST\STM32CubeIDE_1.17.0\STM32CubeIDE\plugins\com.st.stm32cube.common.mx_6.13.0.202411220809
2025-03-22 12:45:36,662 [INFO] PluginManage:196 - Search for loadable plugins [exclusion list=, ]
2025-03-22 12:45:36,665 [INFO] PluginManage:310 - Check plugin analytics
2025-03-22 12:45:37,083 [INFO] AnalyticsPlugin:253 - Accepted Software Licenses: STM32CubeMX.6.12.1,STM32CubeMX.6.13.0
2025-03-22 12:45:37,083 [INFO] AnalyticsPlugin:255 - Accepted CMSIS Pack Licenses: 
2025-03-22 12:45:37,083 [INFO] AnalyticsPlugin:257 - Accepted Firmware Licenses: FW.G4.1.6.0
2025-03-22 12:45:37,089 [INFO] PluginManage:359 - Loaded plugin analytics (category:tool,tabindex:-1)
2025-03-22 12:45:37,089 [INFO] PluginManage:310 - Check plugin cadmodel
2025-03-22 12:45:37,099 [INFO] CADModel:105 - Init CAD model plugin
2025-03-22 12:45:37,099 [INFO] PluginManage:359 - Loaded plugin cadmodel (category:power,tabindex:5)
2025-03-22 12:45:37,099 [INFO] PluginManage:310 - Check plugin clock
2025-03-22 12:45:37,143 [INFO] PluginManage:359 - Loaded plugin clock (category:base,tabindex:2)
2025-03-22 12:45:37,144 [INFO] PluginManage:310 - Check plugin ddr
2025-03-22 12:45:37,161 [INFO] PluginManage:359 - Loaded plugin ddr (category:tool,tabindex:6)
2025-03-22 12:45:37,161 [INFO] PluginManage:310 - Check plugin filemanager
2025-03-22 12:45:37,476 [INFO] PluginManage:359 - Loaded plugin filemanager (category:base,tabindex:10)
2025-03-22 12:45:37,477 [INFO] PluginManage:310 - Check plugin ipmanager
2025-03-22 12:45:37,494 [INFO] PluginManage:359 - Loaded plugin ipmanager (category:base,tabindex:5)
2025-03-22 12:45:37,494 [INFO] PluginManage:310 - Check plugin lpbam
2025-03-22 12:45:37,538 [INFO] PluginManage:359 - Loaded plugin lpbam (category:base,tabindex:0)
2025-03-22 12:45:37,538 [INFO] PluginManage:310 - Check plugin memorymap
2025-03-22 12:45:37,623 [INFO] PluginManage:359 - Loaded plugin memorymap (category:base,tabindex:4)
2025-03-22 12:45:37,623 [INFO] PluginManage:310 - Check plugin pinoutandconfiguration
2025-03-22 12:45:37,664 [INFO] PluginManage:359 - Loaded plugin pinoutandconfiguration (category:base,tabindex:1)
2025-03-22 12:45:37,665 [INFO] PluginManage:310 - Check plugin pinoutconfig
2025-03-22 12:45:37,855 [WARN] SupportedApi:132 - Cannot load RTOS API schema: s4s-elt-must-match.1: The content of 'definitions' must match (annotation?, (simpleType | complexType)?, (unique | key | keyref)*)). A problem was found starting at: attribute.
2025-03-22 12:45:38,120 [INFO] PluginManage:359 - Loaded plugin pinoutconfig (category:base,tabindex:0)
2025-03-22 12:45:38,120 [INFO] PluginManage:310 - Check plugin power
2025-03-22 12:45:38,170 [INFO] PluginManage:359 - Loaded plugin power (category:power,tabindex:4)
2025-03-22 12:45:38,170 [INFO] PluginManage:310 - Check plugin projectmanager
2025-03-22 12:45:38,201 [INFO] PluginManage:359 - Loaded plugin projectmanager (category:projectmanager,tabindex:4)
2025-03-22 12:45:38,201 [INFO] PluginManage:310 - Check plugin rif
2025-03-22 12:45:38,241 [INFO] PluginManage:359 - Loaded plugin rif (category:base,tabindex:3)
2025-03-22 12:45:38,241 [INFO] PluginManage:310 - Check plugin thirdparty
2025-03-22 12:45:38,643 [INFO] PluginManage:359 - Loaded plugin thirdparty (category:base,tabindex:-1)
2025-03-22 12:45:38,645 [INFO] PluginManage:310 - Check plugin tools
2025-03-22 12:45:38,643 [WARN] IntegrityCheckThread:84 - waiting for thirdparty lock release [integrity check]
2025-03-22 12:45:38,645 [INFO] IntegrityCheckThread:86 - entering critical section [integrity check]
2025-03-22 12:45:38,646 [INFO] ThirdPartyUpdaterWithRetryManager:70 - Updater plugin not ready yet. [1/15]
2025-03-22 12:45:38,738 [INFO] PluginManage:359 - Loaded plugin tools (category:base,tabindex:7)
2025-03-22 12:45:38,738 [INFO] PluginManage:310 - Check plugin tutovideos
2025-03-22 12:45:39,086 [INFO] PluginManage:359 - Loaded plugin tutovideos (category:base,tabindex:-1)
2025-03-22 12:45:39,086 [INFO] PluginManage:310 - Check plugin updater
2025-03-22 12:45:39,130 [INFO] PluginManage:359 - Loaded plugin updater (category:base,tabindex:12)
2025-03-22 12:45:39,131 [INFO] PluginManage:310 - Check plugin userauth
2025-03-22 12:45:39,139 [INFO] UserAuth:118 - Init User Auth plugin
2025-03-22 12:45:39,141 [INFO] PluginManage:359 - Loaded plugin userauth (category:base,tabindex:14)
2025-03-22 12:45:39,142 [INFO] PluginManage:283 - PluginManage : Loaded plugins [18]
2025-03-22 12:45:39,576 [INFO] PinOutPanel:1589 - setPackage(No Configuration,No Configuration)
2025-03-22 12:45:39,737 [INFO] CADModel:165 - CPN selected for project level
2025-03-22 12:45:39,737 [INFO] CADModel:114 - Register for checkConnection events
2025-03-22 12:45:39,795 [INFO] IPUIPlugin:80 - create IPUIPlugin
2025-03-22 12:45:39,795 [INFO] PluginManager:220 - loadIPPluginJar : add adc
2025-03-22 12:45:39,910 [INFO] IPUIPlugin:80 - create IPUIPlugin
2025-03-22 12:45:39,911 [INFO] PluginManager:220 - loadIPPluginJar : add aes
2025-03-22 12:45:40,035 [INFO] IPUIPlugin:80 - create IPUIPlugin
2025-03-22 12:45:40,035 [INFO] PluginManager:220 - loadIPPluginJar : add can
2025-03-22 12:45:40,126 [INFO] IPUIPlugin:80 - create IPUIPlugin
2025-03-22 12:45:40,126 [INFO] PluginManager:220 - loadIPPluginJar : add comp
2025-03-22 12:45:40,215 [INFO] IPUIPlugin:80 - create IPUIPlugin
2025-03-22 12:45:40,215 [INFO] PluginManager:220 - loadIPPluginJar : add cryp
2025-03-22 12:45:40,244 [INFO] IPUIPlugin:80 - create IPUIPlugin
2025-03-22 12:45:40,244 [INFO] PluginManager:220 - loadIPPluginJar : add ddr_ctrl_phy
2025-03-22 12:45:40,330 [INFO] IPUIPlugin:80 - create IPUIPlugin
2025-03-22 12:45:40,331 [INFO] PluginManager:220 - loadIPPluginJar : add dfsdm
2025-03-22 12:45:40,363 [INFO] IPUIPlugin:80 - create IPUIPlugin
2025-03-22 12:45:40,364 [INFO] PluginManager:220 - loadIPPluginJar : add dma
2025-03-22 12:45:40,486 [INFO] IPUIPlugin:80 - create IPUIPlugin
2025-03-22 12:45:40,486 [INFO] PluginManager:220 - loadIPPluginJar : add dma3
2025-03-22 12:45:40,628 [INFO] IPUIPlugin:80 - create IPUIPlugin
2025-03-22 12:45:40,629 [INFO] PluginManager:220 - loadIPPluginJar : add extmemmanager
2025-03-22 12:45:40,705 [INFO] IPUIPlugin:80 - create IPUIPlugin
2025-03-22 12:45:40,705 [INFO] PluginManager:220 - loadIPPluginJar : add fatfs
2025-03-22 12:45:40,839 [INFO] IPUIPlugin:80 - create IPUIPlugin
2025-03-22 12:45:40,840 [INFO] PluginManager:220 - loadIPPluginJar : add fmc
2025-03-22 12:45:40,870 [INFO] IPUIPlugin:80 - create IPUIPlugin
2025-03-22 12:45:40,870 [INFO] PluginManager:220 - loadIPPluginJar : add freertos
2025-03-22 12:45:40,928 [INFO] IPUIPlugin:80 - create IPUIPlugin
2025-03-22 12:45:40,928 [INFO] PluginManager:220 - loadIPPluginJar : add genericplugin
2025-03-22 12:45:41,184 [INFO] IPUIPlugin:80 - create IPUIPlugin
2025-03-22 12:45:41,184 [INFO] PluginManager:220 - loadIPPluginJar : add gfxmmu
2025-03-22 12:45:41,560 [INFO] IPUIPlugin:80 - create IPUIPlugin
2025-03-22 12:45:41,560 [INFO] PluginManager:220 - loadIPPluginJar : add gic
2025-03-22 12:45:41,592 [INFO] IPUIPlugin:80 - create IPUIPlugin
2025-03-22 12:45:41,593 [INFO] PluginManager:220 - loadIPPluginJar : add gpio
2025-03-22 12:45:41,648 [INFO] ThirdPartyUpdaterWithRetryManager:70 - Updater plugin not ready yet. [2/15]
2025-03-22 12:45:41,829 [INFO] IPUIPlugin:80 - create IPUIPlugin
2025-03-22 12:45:41,830 [INFO] PluginManager:220 - loadIPPluginJar : add gtzc
2025-03-22 12:45:41,919 [INFO] IPUIPlugin:80 - create IPUIPlugin
2025-03-22 12:45:41,919 [INFO] PluginManager:220 - loadIPPluginJar : add hash
2025-03-22 12:45:42,077 [INFO] IPUIPlugin:80 - create IPUIPlugin
2025-03-22 12:45:42,077 [INFO] PluginManager:220 - loadIPPluginJar : add i2c
2025-03-22 12:45:42,176 [INFO] IPUIPlugin:80 - create IPUIPlugin
2025-03-22 12:45:42,176 [INFO] PluginManager:220 - loadIPPluginJar : add i2s
2025-03-22 12:45:42,282 [INFO] IPUIPlugin:80 - create IPUIPlugin
2025-03-22 12:45:42,282 [INFO] PluginManager:220 - loadIPPluginJar : add i3c
2025-03-22 12:45:42,556 [INFO] IPUIPlugin:80 - create IPUIPlugin
2025-03-22 12:45:42,557 [INFO] PluginManager:220 - loadIPPluginJar : add ipddr
2025-03-22 12:45:42,773 [INFO] IPUIPlugin:80 - create IPUIPlugin
2025-03-22 12:45:42,774 [INFO] PluginManager:220 - loadIPPluginJar : add linkedlist
2025-03-22 12:45:42,874 [INFO] IPUIPlugin:80 - create IPUIPlugin
2025-03-22 12:45:42,874 [INFO] PluginManager:220 - loadIPPluginJar : add lorawan
2025-03-22 12:45:42,971 [INFO] IPUIPlugin:80 - create IPUIPlugin
2025-03-22 12:45:42,971 [INFO] PluginManager:220 - loadIPPluginJar : add ltdc
2025-03-22 12:45:43,003 [INFO] IPUIPlugin:80 - create IPUIPlugin
2025-03-22 12:45:43,003 [INFO] PluginManager:220 - loadIPPluginJar : add mdma
2025-03-22 12:45:43,035 [INFO] IPUIPlugin:80 - create IPUIPlugin
2025-03-22 12:45:43,035 [INFO] PluginManager:220 - loadIPPluginJar : add nvic
2025-03-22 12:45:43,126 [INFO] IPUIPlugin:80 - create IPUIPlugin
2025-03-22 12:45:43,126 [INFO] PluginManager:220 - loadIPPluginJar : add opamp
2025-03-22 12:45:43,270 [INFO] IPUIPlugin:80 - create IPUIPlugin
2025-03-22 12:45:43,270 [INFO] PluginManager:220 - loadIPPluginJar : add openamp
2025-03-22 12:45:43,377 [INFO] IPUIPlugin:80 - create IPUIPlugin
2025-03-22 12:45:43,378 [INFO] PluginManager:220 - loadIPPluginJar : add pdm2pcm
2025-03-22 12:45:43,407 [INFO] IPUIPlugin:80 - create IPUIPlugin
2025-03-22 12:45:43,411 [INFO] PluginManager:220 - loadIPPluginJar : add plateformsettings
2025-03-22 12:45:43,464 [INFO] IPUIPlugin:80 - create IPUIPlugin
2025-03-22 12:45:43,464 [INFO] PluginManager:220 - loadIPPluginJar : add quadspi
2025-03-22 12:45:43,523 [INFO] IPUIPlugin:80 - create IPUIPlugin
2025-03-22 12:45:43,524 [INFO] PluginManager:220 - loadIPPluginJar : add radio
2025-03-22 12:45:43,554 [INFO] IPUIPlugin:80 - create IPUIPlugin
2025-03-22 12:45:43,554 [INFO] PluginManager:220 - loadIPPluginJar : add resmgrutility
2025-03-22 12:45:43,669 [INFO] IPUIPlugin:80 - create IPUIPlugin
2025-03-22 12:45:43,669 [INFO] PluginManager:220 - loadIPPluginJar : add sai
2025-03-22 12:45:43,761 [INFO] IPUIPlugin:80 - create IPUIPlugin
2025-03-22 12:45:43,762 [INFO] PluginManager:220 - loadIPPluginJar : add spi
2025-03-22 12:45:43,945 [INFO] IPUIPlugin:80 - create IPUIPlugin
2025-03-22 12:45:43,946 [INFO] PluginManager:220 - loadIPPluginJar : add stm32_wpan
2025-03-22 12:45:44,010 [INFO] IPUIPlugin:80 - create IPUIPlugin
2025-03-22 12:45:44,010 [INFO] PluginManager:220 - loadIPPluginJar : add tim
2025-03-22 12:45:44,163 [INFO] IPUIPlugin:80 - create IPUIPlugin
2025-03-22 12:45:44,163 [INFO] PluginManager:220 - loadIPPluginJar : add touchsensing
2025-03-22 12:45:44,222 [INFO] IPUIPlugin:80 - create IPUIPlugin
2025-03-22 12:45:44,222 [INFO] PluginManager:220 - loadIPPluginJar : add tracer_emb
2025-03-22 12:45:44,284 [INFO] IPUIPlugin:80 - create IPUIPlugin
2025-03-22 12:45:44,285 [INFO] PluginManager:220 - loadIPPluginJar : add ts
2025-03-22 12:45:44,349 [INFO] IPUIPlugin:80 - create IPUIPlugin
2025-03-22 12:45:44,350 [INFO] PluginManager:220 - loadIPPluginJar : add tsc
2025-03-22 12:45:44,407 [INFO] IPUIPlugin:80 - create IPUIPlugin
2025-03-22 12:45:44,407 [INFO] PluginManager:220 - loadIPPluginJar : add ucpd
2025-03-22 12:45:44,564 [INFO] IPUIPlugin:80 - create IPUIPlugin
2025-03-22 12:45:44,564 [INFO] PluginManager:220 - loadIPPluginJar : add usart
2025-03-22 12:45:44,649 [INFO] ThirdPartyUpdaterWithRetryManager:70 - Updater plugin not ready yet. [3/15]
2025-03-22 12:45:44,673 [INFO] IPUIPlugin:80 - create IPUIPlugin
2025-03-22 12:45:44,674 [INFO] PluginManager:220 - loadIPPluginJar : add usbx
2025-03-22 12:45:44,852 [FATAL] Updater:351 - Updater called before beeing initialized
2025-03-22 12:45:44,935 [INFO] RulesReader:64 - Compatibility file has been processed (297 Rules)
2025-03-22 12:45:44,956 [INFO] RulesReader:64 - Compatibility file has been processed (297 Rules)
2025-03-22 12:45:44,969 [INFO] CADModel:165 - CPN selected for project level
2025-03-22 12:45:44,969 [INFO] CADModel:114 - Register for checkConnection events
2025-03-22 12:45:44,969 [FATAL] Updater:351 - Updater called before beeing initialized
2025-03-22 12:45:44,970 [ERROR] CADModel:125 - Updater not yet initialized, retry later 
2025-03-22 12:45:45,300 [FATAL] Updater:351 - Updater called before beeing initialized
2025-03-22 12:45:45,304 [INFO] CADModel:165 - CPN selected for project level
2025-03-22 12:45:45,304 [INFO] CADModel:114 - Register for checkConnection events
2025-03-22 12:45:45,304 [FATAL] Updater:351 - Updater called before beeing initialized
2025-03-22 12:45:45,304 [ERROR] CADModel:125 - Updater not yet initialized, retry later 
2025-03-22 12:45:45,309 [FATAL] Updater:351 - Updater called before beeing initialized
2025-03-22 12:45:45,492 [FATAL] Updater:351 - Updater called before beeing initialized
2025-03-22 12:45:45,499 [INFO] DbMcusAds:53 - JSON generation date=Thu Mar 06 07:54:22 MST 2025 (1741272862297)
2025-03-22 12:45:45,499 [FATAL] Updater:351 - Updater called before beeing initialized
2025-03-22 12:45:45,566 [WARN] DetailPanel:346 - Failed to get advertising image, set to default
2025-03-22 12:45:45,998 [FATAL] Updater:351 - Updater called before beeing initialized
2025-03-22 12:45:46,001 [FATAL] Updater:351 - Updater called before beeing initialized
2025-03-22 12:45:46,001 [FATAL] Updater:351 - Updater called before beeing initialized
2025-03-22 12:45:46,002 [WARN] DetailPanel:346 - Failed to get advertising image, set to default
2025-03-22 12:45:46,003 [FATAL] Updater:351 - Updater called before beeing initialized
2025-03-22 12:45:46,115 [ERROR] Updater:1198 - MainUpdater not yet initialized. External WinMGr cannot be set.
2025-03-22 12:45:46,138 [INFO] Updater:1134 - Updater Version found : 6.13.0
2025-03-22 12:45:46,167 [INFO] ApplicationProperties:184 - Using Application install path: C:\ST\STM32CubeIDE_1.17.0\STM32CubeIDE\plugins\com.st.stm32cube.common.mx_6.13.0.202411220809
2025-03-22 12:45:47,651 [INFO] ThirdPartyUpdaterWithRetryManager:70 - Updater plugin not ready yet. [4/15]
2025-03-22 12:45:47,755 [ERROR] LogOutputStream:75 - [STDERR_REDIRECT] Mar 22, 2025 12:45:47 PM java.util.prefs.WindowsPreferences <init>
2025-03-22 12:45:47,760 [ERROR] LogOutputStream:75 - [STDERR_REDIRECT] WARNING: Could not open/create prefs root node Software\JavaSoft\Prefs at root 0xffffffff80000002. Windows RegCreateKeyEx(...) returned error code 5.
2025-03-22 12:45:47,760 [ERROR] LogOutputStream:75 - [STDERR_REDIRECT] 
2025-03-22 12:45:47,818 [INFO] MainUpdater:525 - Copy updater definitions from MX database
2025-03-22 12:45:48,236 [INFO] MainUpdater:2872 - connection check result : 10
2025-03-22 12:45:48,236 [INFO] MainUpdater:3566 - Updater definition file requires update
2025-03-22 12:45:48,238 [INFO] MainUpdater:289 - Updater Check For Update Now.
2025-03-22 12:45:48,238 [INFO] MicroXplorer:498 - Change Database Version : DB.6.0.130
2025-03-22 12:45:48,280 [INFO] McuFinderGlobals:63 - Set McuFinder mode to 2 (CubeIDE integrated)
2025-03-22 12:45:48,294 [INFO] UserAuth:486 - Internet connection configuration mode: 1
2025-03-22 12:45:48,327 [INFO] JxBrowserEngine:152 - Initiate JxBrowser Engine with user profile folder
2025-03-22 12:45:48,332 [INFO] ServerAccessManage:473 - Download File updaters.zip
2025-03-22 12:45:48,507 [INFO] FileExtend:240 - Unzip File : updaters.zip
2025-03-22 12:45:48,507 [INFO] FileExtend:255 - Standard Zip Deflate
2025-03-22 12:45:49,287 [INFO] ServerAccessManage:473 - Download File PacksControlFlags.xml
2025-03-22 12:45:49,464 [INFO] ServerAccessManage:473 - Download File cubemx.pidx
2025-03-22 12:45:49,670 [INFO] LoadServerUpdatesThread:375 - End of LoadServerUpdate Thread
2025-03-22 12:45:49,904 [INFO] CheckServerUpdateThread:120 - End of CheckServer Thread
2025-03-22 12:45:51,278 [WARN] PackLoader:240 - Cannot read IP mode file for STMicroelectronics.FP-SNS-MOTENVWB1.1.4.0
2025-03-22 12:45:51,298 [WARN] PackLoader:240 - Cannot read IP mode file for STMicroelectronics.FP-ATR-ASTRA1.2.0.2
2025-03-22 12:45:51,308 [WARN] PackLoader:240 - Cannot read IP mode file for STMicroelectronics.FP-ATR-ASTRA1.2.0.1
2025-03-22 12:45:51,327 [WARN] PackLoader:240 - Cannot read IP mode file for STMicroelectronics.X-CUBE-SMBUS.2.1.0
2025-03-22 12:45:51,349 [WARN] PackLoader:240 - Cannot read IP mode file for STMicroelectronics.X-CUBE-WB05N.1.1.0
2025-03-22 12:45:51,432 [WARN] PackLoader:240 - Cannot read IP mode file for STMicroelectronics.X-CUBE-AZRTOS-F7.1.1.0
2025-03-22 12:45:51,460 [INFO] WebApp:168 - Instantiating new browser for Auth
2025-03-22 12:45:51,693 [WARN] PackLoader:240 - Cannot read IP mode file for STMicroelectronics.X-CUBE-MEMS1.11.0.0
2025-03-22 12:45:52,079 [WARN] PackLoader:240 - Cannot read IP mode file for STMicroelectronics.FP-SNS-FLIGHT1.5.0.2
2025-03-22 12:45:52,097 [WARN] PackLoader:240 - Cannot read IP mode file for STMicroelectronics.X-CUBE-DISPLAY.3.0.0
2025-03-22 12:45:52,116 [WARN] PackLoader:240 - Cannot read IP mode file for STMicroelectronics.X-CUBE-BLE1.7.0.0
2025-03-22 12:45:52,170 [WARN] PackLoader:240 - Cannot read IP mode file for STMicroelectronics.X-CUBE-NFC10.1.0.0
2025-03-22 12:45:52,195 [WARN] PackLoader:240 - Cannot read IP mode file for STMicroelectronics.X-CUBE-BLEMGR.4.0.0
2025-03-22 12:45:52,213 [WARN] PackLoader:240 - Cannot read IP mode file for emotas.I-CUBE-CANOPEN.1.3.0
2025-03-22 12:45:52,230 [WARN] PackLoader:240 - Cannot read IP mode file for STMicroelectronics.X-CUBE-BLEMGR.3.1.0
2025-03-22 12:45:52,246 [WARN] PackLoader:240 - Cannot read IP mode file for STMicroelectronics.X-CUBE-AI.10.0.0
2025-03-22 12:45:52,256 [WARN] PackLoader:240 - Cannot read IP mode file for STMicroelectronics.FP-SNS-SMARTAG2.1.2.0
2025-03-22 12:45:52,351 [WARN] PackLoader:240 - Cannot read IP mode file for STMicroelectronics.X-CUBE-MEMS1.11.1.0
2025-03-22 12:45:52,596 [INFO] LogOutputStream:77 - [STDOUT_REDIRECT] 1 : Invalid condition id : UX_CORESTACK_Condition cause : null
2025-03-22 12:45:52,597 [INFO] LogOutputStream:77 - [STDOUT_REDIRECT] 1 : Invalid condition id : UX_CORESTACK_Condition cause : null
2025-03-22 12:45:52,601 [INFO] LogOutputStream:77 - [STDOUT_REDIRECT] 1 : Invalid condition id : UX_CORESTACK_Condition cause : null
2025-03-22 12:45:52,605 [INFO] LogOutputStream:77 - [STDOUT_REDIRECT] 1 : Invalid condition id : UX_CORESTACK_Condition cause : null
2025-03-22 12:45:52,608 [INFO] LogOutputStream:77 - [STDOUT_REDIRECT] 1 : Invalid condition id : UX_CORESTACK_Condition cause : null
2025-03-22 12:45:52,615 [WARN] PackLoader:240 - Cannot read IP mode file for STMicroelectronics.X-CUBE-AZRTOS-WL.2.0.0
2025-03-22 12:45:52,628 [WARN] PackLoader:240 - Cannot read IP mode file for STMicroelectronics.FP-SNS-MOTENV1.5.0.0
2025-03-22 12:45:52,643 [WARN] PackLoader:240 - Cannot read IP mode file for wolfSSL.I-CUBE-wolfMQTT.1.19.0
2025-03-22 12:45:52,657 [WARN] PackLoader:240 - Cannot read IP mode file for WES.I-CUBE-Cesium.1.3.0
2025-03-22 12:45:52,666 [WARN] PackLoader:240 - Cannot read IP mode file for STMicroelectronics.X-CUBE-BLE2.3.3.0
2025-03-22 12:45:52,678 [WARN] PackLoader:240 - Cannot read IP mode file for STMicroelectronics.X-CUBE-NFC9.1.0.0
2025-03-22 12:45:52,689 [WARN] PackLoader:240 - Cannot read IP mode file for STMicroelectronics.X-CUBE-TCPP.4.1.0
2025-03-22 12:45:52,714 [WARN] PackLoader:240 - Cannot read IP mode file for STMicroelectronics.X-CUBE-AZRTOS-G0.1.1.0
2025-03-22 12:45:52,727 [WARN] PackLoader:240 - Cannot read IP mode file for STMicroelectronics.X-CUBE-SAFEA1.1.2.2
2025-03-22 12:45:52,738 [WARN] PackLoader:240 - Cannot read IP mode file for STMicroelectronics.X-CUBE-NFC4.3.0.0
2025-03-22 12:45:52,757 [WARN] PackLoader:240 - Cannot read IP mode file for EmbeddedOffice.I-CUBE-FS-RTOS.1.0.1
2025-03-22 12:45:52,767 [WARN] PackLoader:240 - Cannot read IP mode file for STMicroelectronics.X-CUBE-TCPP.4.2.0
2025-03-22 12:45:52,781 [WARN] PackLoader:240 - Cannot read IP mode file for RealThread.X-CUBE-RT-Thread_Nano.4.1.1
2025-03-22 12:45:52,789 [WARN] PackLoader:240 - Cannot read IP mode file for STMicroelectronics.FP-ATR-SIGFOX1.3.2.0
2025-03-22 12:45:52,796 [WARN] PackLoader:240 - Cannot read IP mode file for wolfSSL.I-CUBE-wolfSSL.5.7.2
2025-03-22 12:45:52,807 [WARN] ConditionMgr:438 - getConditionDescription Invalid condition id : Cortex-A Device cause : null
2025-03-22 12:45:52,855 [WARN] ConditionMgr:1044 - genDependencies : Invalid condition id : Cortex-A Device cause : null
2025-03-22 12:45:52,856 [WARN] ConditionMgr:1044 - genDependencies : Invalid condition id : Cortex-A Device cause : null
2025-03-22 12:45:52,856 [WARN] ConditionMgr:1044 - genDependencies : Invalid condition id : Cortex-A Device cause : null
2025-03-22 12:45:52,871 [WARN] PackLoader:240 - Cannot read IP mode file for STMicroelectronics.X-CUBE-EEPRMA1.5.1.0
2025-03-22 12:45:52,887 [WARN] PackLoader:240 - Cannot read IP mode file for ITTIA_DB.I-CUBE-ITTIADB.8.9.0
2025-03-22 12:45:52,943 [WARN] PackLoader:240 - Cannot read IP mode file for SEGGER.I-CUBE-embOS.1.3.1
2025-03-22 12:45:53,022 [WARN] PackLoader:240 - Cannot read IP mode file for STMicroelectronics.X-CUBE-ALGOBUILD.1.4.0
2025-03-22 12:45:53,029 [WARN] PackLoader:240 - Cannot read IP mode file for STMicroelectronics.X-CUBE-AI.9.1.0
2025-03-22 12:45:53,065 [WARN] PackLoader:240 - Cannot read IP mode file for STMicroelectronics.X-CUBE-AZRTOS-F4.1.1.0
2025-03-22 12:45:53,079 [WARN] PackLoader:240 - Cannot read IP mode file for STMicroelectronics.X-CUBE-ISPU.2.1.0
2025-03-22 12:45:53,090 [WARN] PackLoader:240 - Cannot read IP mode file for STMicroelectronics.X-CUBE-FREERTOS.1.2.0
2025-03-22 12:45:53,121 [WARN] PackLoader:240 - Cannot read IP mode file for STMicroelectronics.X-CUBE-AZRTOS-L5.2.0.0
2025-03-22 12:45:53,140 [WARN] PackLoader:240 - Cannot read IP mode file for STMicroelectronics.X-CUBE-NFC6.3.1.0
2025-03-22 12:45:53,157 [WARN] PackLoader:240 - Cannot read IP mode file for STMicroelectronics.X-CUBE-DPower.1.2.0
2025-03-22 12:45:53,167 [WARN] PackLoader:240 - Cannot read IP mode file for STMicroelectronics.X-CUBE-FREERTOS.1.3.0
2025-03-22 12:45:53,177 [WARN] PackLoader:240 - Cannot read IP mode file for STMicroelectronics.X-CUBE-NFC7.1.0.1
2025-03-22 12:45:53,209 [WARN] ConditionMgr:438 - getConditionDescription Invalid condition id : LAN8742 Phy interface Condition cause : null
2025-03-22 12:45:53,211 [WARN] PackLoader:240 - Cannot read IP mode file for STMicroelectronics.X-CUBE-AZRTOS-L4.2.0.0
2025-03-22 12:45:53,213 [WARN] ConditionMgr:1044 - genDependencies : Invalid condition id : LAN8742 Phy interface Condition cause : null
2025-03-22 12:45:53,213 [WARN] ConditionMgr:1044 - genDependencies : Invalid condition id : LAN8742 Phy interface Condition cause : null
2025-03-22 12:45:53,214 [WARN] ConditionMgr:1044 - genDependencies : Invalid condition id : LAN8742 Phy interface Condition cause : null
2025-03-22 12:45:53,229 [WARN] PackLoader:240 - Cannot read IP mode file for STMicroelectronics.X-CUBE-SFXS2LP1.4.0.0
2025-03-22 12:45:53,269 [WARN] PackLoader:240 - Cannot read IP mode file for STMicroelectronics.X-CUBE-AZRTOS-H7.3.3.0
2025-03-22 12:45:53,296 [WARN] PackLoader:240 - Cannot read IP mode file for STMicroelectronics.X-CUBE-IPS.3.0.0
2025-03-22 12:45:53,325 [WARN] ConditionMgr:438 - getConditionDescription Invalid condition id : UX DEVICE CLASS RTOS Condition cause : null
2025-03-22 12:45:53,327 [WARN] ConditionMgr:438 - getConditionDescription Invalid condition id : UX DEVICE CLASS RTOS Condition cause : null
2025-03-22 12:45:53,331 [WARN] PackLoader:240 - Cannot read IP mode file for STMicroelectronics.X-CUBE-AZRTOS-WB.2.0.0
2025-03-22 12:45:53,332 [WARN] ConditionMgr:1044 - genDependencies : Invalid condition id : UX DEVICE CLASS RTOS Condition cause : null
2025-03-22 12:45:53,332 [WARN] ConditionMgr:1044 - genDependencies : Invalid condition id : UX DEVICE CLASS RTOS Condition cause : null
2025-03-22 12:45:53,333 [WARN] ConditionMgr:1044 - genDependencies : Invalid condition id : UX DEVICE CLASS RTOS Condition cause : null
2025-03-22 12:45:53,333 [WARN] ConditionMgr:1044 - genDependencies : Invalid condition id : UX DEVICE CLASS RTOS Condition cause : null
2025-03-22 12:45:53,333 [WARN] ConditionMgr:1044 - genDependencies : Invalid condition id : UX DEVICE CLASS RTOS Condition cause : null
2025-03-22 12:45:53,345 [WARN] PackLoader:240 - Cannot read IP mode file for STMicroelectronics.X-CUBE-GNSS1.7.0.0
2025-03-22 12:45:53,354 [WARN] PackLoader:240 - Cannot read IP mode file for STMicroelectronics.X-CUBE-GNSS1.7.0.1
2025-03-22 12:45:53,369 [WARN] PackLoader:240 - Cannot read IP mode file for STMicroelectronics.FP-SNS-STBOX1.2.0.0
2025-03-22 12:45:53,392 [WARN] PackLoader:240 - Cannot read IP mode file for STMicroelectronics.X-CUBE-SUBG2.5.0.0
2025-03-22 12:45:53,409 [WARN] PackLoader:240 - Cannot read IP mode file for Cesanta.I-CUBE-Mongoose.7.13.0
2025-03-22 12:45:53,438 [WARN] PackLoader:240 - Cannot read IP mode file for STMicroelectronics.X-CUBE-AZRTOS-G4.2.0.0
2025-03-22 12:45:53,506 [WARN] PackLoader:240 - Cannot read IP mode file for STMicroelectronics.X-CUBE-IPS.3.1.0
2025-03-22 12:45:53,557 [WARN] PackLoader:240 - Cannot read IP mode file for STMicroelectronics.X-CUBE-ALS.1.0.2
2025-03-22 12:45:53,574 [WARN] PackLoader:240 - Cannot read IP mode file for STMicroelectronics.X-CUBE-TOUCHGFX.4.24.2
2025-03-22 12:45:53,580 [WARN] PackLoader:240 - Cannot read IP mode file for STMicroelectronics.X-CUBE-TOUCHGFX.4.24.1
2025-03-22 12:45:53,639 [WARN] PackLoader:240 - Cannot read IP mode file for wolfSSL.I-CUBE-wolfTPM.3.4.0
2025-03-22 12:45:53,698 [WARN] PackLoader:240 - Cannot read IP mode file for portGmbH.I-Cube-SoM-uGOAL.1.1.0
2025-03-22 12:45:53,757 [WARN] PackLoader:240 - Cannot read IP mode file for STMicroelectronics.X-CUBE-AZRTOS-H7RS.1.0.0
2025-03-22 12:45:53,785 [WARN] PackLoader:240 - Cannot read IP mode file for STMicroelectronics.FP-ATR-ASTRA1.2.0.0
2025-03-22 12:45:53,807 [WARN] PackLoader:240 - Cannot read IP mode file for STMicroelectronics.X-CUBE-TOF1.3.4.2
2025-03-22 12:45:53,857 [INFO] WebApp:449 - Apply proxy settings
2025-03-22 12:45:53,858 [INFO] WebApp:534 - Chromium requires no authentication
2025-03-22 12:45:53,877 [WARN] PackLoader:240 - Cannot read IP mode file for Infineon.AIROC-Wi-Fi-Bluetooth-STM32.1.6.1
2025-03-22 12:45:53,886 [INFO] WebApp:477 - Direct internet connection detected
2025-03-22 12:45:53,891 [WARN] PackLoader:240 - Cannot read IP mode file for wolfSSL.I-CUBE-wolfSSH.1.4.17
2025-03-22 12:45:53,892 [INFO] ThirdParty:978 - Integrity check success = true
2025-03-22 12:45:53,893 [INFO] IntegrityCheckThread:100 - exiting critical section [integrity check]
2025-03-22 12:45:53,893 [INFO] IntegrityCheckThread:103 - End integrity checks thread
2025-03-22 12:45:53,996 [INFO] WebApp:880 - Register for checkConnection events
2025-03-22 12:45:53,996 [INFO] WebApp:449 - Apply proxy settings
2025-03-22 12:45:53,997 [INFO] WebApp:534 - Chromium requires no authentication
2025-03-22 12:45:53,998 [INFO] WebApp:477 - Direct internet connection detected
2025-03-22 12:45:54,465 [INFO] WebApp:187 - Connection restablished
2025-03-22 12:45:57,917 [INFO] WebApp:221 - Starting web application
2025-03-22 12:45:57,918 [INFO] WebApp:579 - Web application path used C:\ST\STM32CubeIDE_1.17.0\STM32CubeIDE\plugins\com.st.stm32cube.common.mx_6.13.0.202411220809\db\plugins\mcufinder\reactClient1\index.html
2025-03-22 12:45:58,547 [INFO] UserAuth:486 - Internet connection configuration mode: 1
2025-03-22 12:49:58,105 [ERROR] LogOutputStream:75 - [STDERR_REDIRECT] 
2025-03-22 12:49:58,106 [ERROR] LogOutputStream:75 - [STDERR_REDIRECT] 
