2025-03-29 12:13:04,320 [INFO] Activator:176 - 


2025-03-29 12:13:04,334 [INFO] Activator:177 - !SESSION log4j initialized
2025-03-29 12:13:14,389 [INFO] LogOutputStream:77 - [STDOUT_REDIRECT] 
2025-03-29 12:13:56,830 [INFO] ApplicationProperties:184 - Using Application install path: C:\ST\STM32CubeIDE_1.16.1\STM32CubeIDE\plugins\com.st.stm32cube.common.mx_6.12.1.202409122256
2025-03-29 12:13:56,862 [INFO] DbMcusXml:78 - Set database path to: C:\ST\STM32CubeIDE_1.16.1\STM32CubeIDE\plugins\com.st.stm32cube.common.mx_6.12.1.202409122256\\db\/mcu/
2025-03-29 12:13:56,863 [INFO] ApiDb:274 - Set plugin database path to: C:\ST\STM32CubeIDE_1.16.1\STM32CubeIDE\plugins\com.st.stm32cube.common.mx_6.12.1.202409122256\\db\/plugins/boardmanager/
2025-03-29 12:13:56,864 [WARN] ApiDb:259 - Overriding images path with different value:  => C:\ST\STM32CubeIDE_1.16.1\STM32CubeIDE\plugins\com.st.stm32cube.common.mx_6.12.1.202409122256\\db\/plugins/mcufinder/images/
2025-03-29 12:13:56,912 [INFO] ApiDb:250 - Set database path to: C:\Users\efrai\.stmcufinder\plugins\mcufinder//mcu/
2025-03-29 12:13:56,914 [INFO] DbMcusAds:125 - Set database path to: C:\Users\efrai\.stmcufinder\plugins\mcufinder//mcu/
2025-03-29 12:13:56,952 [INFO] CrossReferenceDbSqlite:203 - Set database path to: C:\Users\efrai\.stmcufinder\plugins\mcufinder//mcu/cs/
2025-03-29 12:13:57,205 [INFO] RulesReader:64 - Compatibility file has been processed (297 Rules)
2025-03-29 12:13:57,459 [INFO] DbMcusXml:78 - Set database path to: C:\ST\STM32CubeIDE_1.16.1\STM32CubeIDE\plugins\com.st.stm32cube.common.mx_6.12.1.202409122256\\db\/mcu/
2025-03-29 12:13:57,459 [INFO] ApiDb:274 - Set plugin database path to: C:\ST\STM32CubeIDE_1.16.1\STM32CubeIDE\plugins\com.st.stm32cube.common.mx_6.12.1.202409122256\\db\/plugins/boardmanager/
2025-03-29 12:13:57,459 [INFO] ApiDb:261 - Set plugin images path to: C:\ST\STM32CubeIDE_1.16.1\STM32CubeIDE\plugins\com.st.stm32cube.common.mx_6.12.1.202409122256\\db\/plugins/mcufinder/images/
2025-03-29 12:13:57,460 [WARN] DbFile:41 - Overriding database path with different value: C:\Users\efrai\.stmcufinder\plugins\mcufinder/ => C:\Users\efrai\.stmcufinder\plugins\mcufinder
2025-03-29 12:13:57,460 [INFO] ApiDb:250 - Set database path to: C:\Users\efrai\.stmcufinder\plugins\mcufinder//mcu/
2025-03-29 12:13:57,460 [WARN] DbFile:41 - Overriding database path with different value: C:\Users\efrai\.stmcufinder\plugins\mcufinder/ => C:\Users\efrai\.stmcufinder\plugins\mcufinder
2025-03-29 12:13:57,461 [INFO] DbMcusAds:125 - Set database path to: C:\Users\efrai\.stmcufinder\plugins\mcufinder//mcu/
2025-03-29 12:13:57,461 [WARN] DbFile:41 - Overriding database path with different value: C:\Users\efrai\.stmcufinder\plugins\mcufinder/ => C:\Users\efrai\.stmcufinder\plugins\mcufinder
2025-03-29 12:13:57,461 [WARN] DbFile:41 - Overriding database path with different value: C:\Users\efrai\.stmcufinder\plugins\mcufinder/ => C:\Users\efrai\.stmcufinder\plugins\mcufinder
2025-03-29 12:13:57,461 [INFO] CrossReferenceDbSqlite:203 - Set database path to: C:\Users\efrai\.stmcufinder\plugins\mcufinder//mcu/cs/
2025-03-29 12:13:57,661 [INFO] MainPanel:268 - HeapMemory: 268435456
2025-03-29 12:13:57,878 [INFO] DbMcusXml:78 - Set database path to: C:\ST\STM32CubeIDE_1.16.1\STM32CubeIDE\plugins\com.st.stm32cube.common.mx_6.12.1.202409122256\\db\/mcu/
2025-03-29 12:13:57,878 [INFO] ApiDb:274 - Set plugin database path to: C:\ST\STM32CubeIDE_1.16.1\STM32CubeIDE\plugins\com.st.stm32cube.common.mx_6.12.1.202409122256\\db\/plugins/boardmanager/
2025-03-29 12:13:57,878 [INFO] ApiDb:261 - Set plugin images path to: C:\ST\STM32CubeIDE_1.16.1\STM32CubeIDE\plugins\com.st.stm32cube.common.mx_6.12.1.202409122256\\db\/plugins/mcufinder/images/
2025-03-29 12:13:57,879 [WARN] DbFile:41 - Overriding database path with different value: C:\Users\efrai\.stmcufinder\plugins\mcufinder/ => C:\Users\efrai\.stmcufinder\plugins\mcufinder
2025-03-29 12:13:57,879 [INFO] ApiDb:250 - Set database path to: C:\Users\efrai\.stmcufinder\plugins\mcufinder//mcu/
2025-03-29 12:13:57,879 [WARN] DbFile:41 - Overriding database path with different value: C:\Users\efrai\.stmcufinder\plugins\mcufinder/ => C:\Users\efrai\.stmcufinder\plugins\mcufinder
2025-03-29 12:13:57,879 [INFO] DbMcusAds:125 - Set database path to: C:\Users\efrai\.stmcufinder\plugins\mcufinder//mcu/
2025-03-29 12:13:57,879 [WARN] DbFile:41 - Overriding database path with different value: C:\Users\efrai\.stmcufinder\plugins\mcufinder/ => C:\Users\efrai\.stmcufinder\plugins\mcufinder
2025-03-29 12:13:57,879 [WARN] DbFile:41 - Overriding database path with different value: C:\Users\efrai\.stmcufinder\plugins\mcufinder/ => C:\Users\efrai\.stmcufinder\plugins\mcufinder
2025-03-29 12:13:57,880 [INFO] CrossReferenceDbSqlite:203 - Set database path to: C:\Users\efrai\.stmcufinder\plugins\mcufinder//mcu/cs/
2025-03-29 12:13:57,985 [INFO] ApplicationProperties:184 - Using Application install path: C:\ST\STM32CubeIDE_1.16.1\STM32CubeIDE\plugins\com.st.stm32cube.common.mx_6.12.1.202409122256
2025-03-29 12:13:57,988 [INFO] PluginManage:196 - Search for loadable plugins [exclusion list=, ]
2025-03-29 12:13:57,991 [INFO] PluginManage:310 - Check plugin analytics
2025-03-29 12:13:58,353 [INFO] AnalyticsPlugin:253 - Accepted Software Licenses: STM32CubeMX.6.12.1,STM32CubeMX.6.13.0
2025-03-29 12:13:58,353 [INFO] AnalyticsPlugin:255 - Accepted CMSIS Pack Licenses: 
2025-03-29 12:13:58,353 [INFO] AnalyticsPlugin:257 - Accepted Firmware Licenses: FW.G4.1.6.0,FW.L4.1.18.0
2025-03-29 12:13:58,358 [INFO] PluginManage:359 - Loaded plugin analytics (category:tool,tabindex:-1)
2025-03-29 12:13:58,359 [INFO] PluginManage:310 - Check plugin cadmodel
2025-03-29 12:13:58,395 [INFO] CADModel:105 - Init CAD model plugin
2025-03-29 12:13:58,396 [INFO] PluginManage:359 - Loaded plugin cadmodel (category:power,tabindex:5)
2025-03-29 12:13:58,396 [INFO] PluginManage:310 - Check plugin clock
2025-03-29 12:13:58,453 [INFO] PluginManage:359 - Loaded plugin clock (category:base,tabindex:2)
2025-03-29 12:13:58,453 [INFO] PluginManage:310 - Check plugin ddr
2025-03-29 12:13:58,458 [INFO] PluginManage:359 - Loaded plugin ddr (category:tool,tabindex:6)
2025-03-29 12:13:58,459 [INFO] PluginManage:310 - Check plugin filemanager
2025-03-29 12:13:58,778 [INFO] PluginManage:359 - Loaded plugin filemanager (category:base,tabindex:10)
2025-03-29 12:13:58,778 [INFO] PluginManage:310 - Check plugin ipmanager
2025-03-29 12:13:58,792 [INFO] PluginManage:359 - Loaded plugin ipmanager (category:base,tabindex:5)
2025-03-29 12:13:58,792 [INFO] PluginManage:310 - Check plugin lpbam
2025-03-29 12:13:58,836 [INFO] PluginManage:359 - Loaded plugin lpbam (category:base,tabindex:0)
2025-03-29 12:13:58,836 [INFO] PluginManage:310 - Check plugin memorymap
2025-03-29 12:13:58,890 [INFO] PluginManage:359 - Loaded plugin memorymap (category:base,tabindex:4)
2025-03-29 12:13:58,890 [INFO] PluginManage:310 - Check plugin pinoutandconfiguration
2025-03-29 12:13:58,931 [INFO] PluginManage:359 - Loaded plugin pinoutandconfiguration (category:base,tabindex:1)
2025-03-29 12:13:58,931 [INFO] PluginManage:310 - Check plugin pinoutconfig
2025-03-29 12:13:59,169 [WARN] SupportedApi:132 - Cannot load RTOS API schema: s4s-elt-must-match.1: The content of 'definitions' must match (annotation?, (simpleType | complexType)?, (unique | key | keyref)*)). A problem was found starting at: attribute.
2025-03-29 12:13:59,426 [INFO] PluginManage:359 - Loaded plugin pinoutconfig (category:base,tabindex:0)
2025-03-29 12:13:59,427 [INFO] PluginManage:310 - Check plugin power
2025-03-29 12:13:59,470 [INFO] PluginManage:359 - Loaded plugin power (category:power,tabindex:4)
2025-03-29 12:13:59,470 [INFO] PluginManage:310 - Check plugin projectmanager
2025-03-29 12:13:59,498 [INFO] PluginManage:359 - Loaded plugin projectmanager (category:projectmanager,tabindex:4)
2025-03-29 12:13:59,498 [INFO] PluginManage:310 - Check plugin rif
2025-03-29 12:13:59,534 [INFO] PluginManage:359 - Loaded plugin rif (category:base,tabindex:3)
2025-03-29 12:13:59,534 [INFO] PluginManage:310 - Check plugin thirdparty
2025-03-29 12:14:00,616 [INFO] PluginManage:359 - Loaded plugin thirdparty (category:base,tabindex:-1)
2025-03-29 12:14:00,616 [WARN] IntegrityCheckThread:84 - waiting for thirdparty lock release [integrity check]
2025-03-29 12:14:00,616 [INFO] PluginManage:310 - Check plugin tools
2025-03-29 12:14:00,616 [INFO] IntegrityCheckThread:86 - entering critical section [integrity check]
2025-03-29 12:14:00,617 [INFO] ThirdPartyUpdaterWithRetryManager:70 - Updater plugin not ready yet. [1/15]
2025-03-29 12:14:00,711 [INFO] PluginManage:359 - Loaded plugin tools (category:base,tabindex:7)
2025-03-29 12:14:00,711 [INFO] PluginManage:310 - Check plugin tutovideos
2025-03-29 12:14:01,128 [INFO] PluginManage:359 - Loaded plugin tutovideos (category:base,tabindex:-1)
2025-03-29 12:14:01,128 [INFO] PluginManage:310 - Check plugin updater
2025-03-29 12:14:01,158 [INFO] PluginManage:359 - Loaded plugin updater (category:base,tabindex:12)
2025-03-29 12:14:01,158 [INFO] PluginManage:310 - Check plugin userauth
2025-03-29 12:14:01,168 [INFO] UserAuth:113 - Init User Auth plugin
2025-03-29 12:14:01,168 [INFO] PluginManage:359 - Loaded plugin userauth (category:base,tabindex:14)
2025-03-29 12:14:01,169 [INFO] PluginManage:283 - PluginManage : Loaded plugins [18]
2025-03-29 12:14:02,276 [INFO] PinOutPanel:1561 - setPackage(No Configuration,No Configuration)
2025-03-29 12:14:02,637 [INFO] CADModel:165 - CPN selected for project level
2025-03-29 12:14:02,637 [INFO] CADModel:114 - Register for checkConnection events
2025-03-29 12:14:02,688 [INFO] IPUIPlugin:80 - create IPUIPlugin
2025-03-29 12:14:02,688 [INFO] PluginManager:220 - loadIPPluginJar : add adc
2025-03-29 12:14:02,782 [INFO] IPUIPlugin:80 - create IPUIPlugin
2025-03-29 12:14:02,782 [INFO] PluginManager:220 - loadIPPluginJar : add aes
2025-03-29 12:14:02,879 [INFO] IPUIPlugin:80 - create IPUIPlugin
2025-03-29 12:14:02,880 [INFO] PluginManager:220 - loadIPPluginJar : add can
2025-03-29 12:14:02,935 [INFO] IPUIPlugin:80 - create IPUIPlugin
2025-03-29 12:14:02,935 [INFO] PluginManager:220 - loadIPPluginJar : add comp
2025-03-29 12:14:03,286 [INFO] IPUIPlugin:80 - create IPUIPlugin
2025-03-29 12:14:03,286 [INFO] PluginManager:220 - loadIPPluginJar : add cryp
2025-03-29 12:14:03,316 [INFO] IPUIPlugin:80 - create IPUIPlugin
2025-03-29 12:14:03,316 [INFO] PluginManager:220 - loadIPPluginJar : add ddr_ctrl_phy
2025-03-29 12:14:03,386 [INFO] IPUIPlugin:80 - create IPUIPlugin
2025-03-29 12:14:03,386 [INFO] PluginManager:220 - loadIPPluginJar : add dfsdm
2025-03-29 12:14:03,416 [INFO] IPUIPlugin:80 - create IPUIPlugin
2025-03-29 12:14:03,417 [INFO] PluginManager:220 - loadIPPluginJar : add dma
2025-03-29 12:14:03,519 [INFO] IPUIPlugin:80 - create IPUIPlugin
2025-03-29 12:14:03,519 [INFO] PluginManager:220 - loadIPPluginJar : add dma3
2025-03-29 12:14:03,619 [INFO] ThirdPartyUpdaterWithRetryManager:70 - Updater plugin not ready yet. [2/15]
2025-03-29 12:14:03,632 [INFO] IPUIPlugin:80 - create IPUIPlugin
2025-03-29 12:14:03,633 [INFO] PluginManager:220 - loadIPPluginJar : add extmemmanager
2025-03-29 12:14:03,702 [INFO] IPUIPlugin:80 - create IPUIPlugin
2025-03-29 12:14:03,703 [INFO] PluginManager:220 - loadIPPluginJar : add fatfs
2025-03-29 12:14:03,852 [INFO] IPUIPlugin:80 - create IPUIPlugin
2025-03-29 12:14:03,852 [INFO] PluginManager:220 - loadIPPluginJar : add fmc
2025-03-29 12:14:03,884 [INFO] IPUIPlugin:80 - create IPUIPlugin
2025-03-29 12:14:03,885 [INFO] PluginManager:220 - loadIPPluginJar : add freertos
2025-03-29 12:14:03,936 [INFO] IPUIPlugin:80 - create IPUIPlugin
2025-03-29 12:14:03,937 [INFO] PluginManager:220 - loadIPPluginJar : add genericplugin
2025-03-29 12:14:04,237 [INFO] IPUIPlugin:80 - create IPUIPlugin
2025-03-29 12:14:04,237 [INFO] PluginManager:220 - loadIPPluginJar : add gfxmmu
2025-03-29 12:14:04,571 [INFO] IPUIPlugin:80 - create IPUIPlugin
2025-03-29 12:14:04,571 [INFO] PluginManager:220 - loadIPPluginJar : add gic
2025-03-29 12:14:04,603 [INFO] IPUIPlugin:80 - create IPUIPlugin
2025-03-29 12:14:04,603 [INFO] PluginManager:220 - loadIPPluginJar : add gpio
2025-03-29 12:14:04,819 [INFO] IPUIPlugin:80 - create IPUIPlugin
2025-03-29 12:14:04,819 [INFO] PluginManager:220 - loadIPPluginJar : add gtzc
2025-03-29 12:14:04,912 [INFO] IPUIPlugin:80 - create IPUIPlugin
2025-03-29 12:14:04,912 [INFO] PluginManager:220 - loadIPPluginJar : add hash
2025-03-29 12:14:05,048 [INFO] IPUIPlugin:80 - create IPUIPlugin
2025-03-29 12:14:05,048 [INFO] PluginManager:220 - loadIPPluginJar : add i2c
2025-03-29 12:14:05,181 [INFO] IPUIPlugin:80 - create IPUIPlugin
2025-03-29 12:14:05,182 [INFO] PluginManager:220 - loadIPPluginJar : add i2s
2025-03-29 12:14:05,278 [INFO] IPUIPlugin:80 - create IPUIPlugin
2025-03-29 12:14:05,278 [INFO] PluginManager:220 - loadIPPluginJar : add i3c
2025-03-29 12:14:05,609 [INFO] IPUIPlugin:80 - create IPUIPlugin
2025-03-29 12:14:05,609 [INFO] PluginManager:220 - loadIPPluginJar : add ipddr
2025-03-29 12:14:05,820 [INFO] IPUIPlugin:80 - create IPUIPlugin
2025-03-29 12:14:05,820 [INFO] PluginManager:220 - loadIPPluginJar : add linkedlist
2025-03-29 12:14:05,895 [INFO] IPUIPlugin:80 - create IPUIPlugin
2025-03-29 12:14:05,895 [INFO] PluginManager:220 - loadIPPluginJar : add lorawan
2025-03-29 12:14:06,028 [INFO] IPUIPlugin:80 - create IPUIPlugin
2025-03-29 12:14:06,029 [INFO] PluginManager:220 - loadIPPluginJar : add ltdc
2025-03-29 12:14:06,065 [INFO] IPUIPlugin:80 - create IPUIPlugin
2025-03-29 12:14:06,065 [INFO] PluginManager:220 - loadIPPluginJar : add mdma
2025-03-29 12:14:06,098 [INFO] IPUIPlugin:80 - create IPUIPlugin
2025-03-29 12:14:06,098 [INFO] PluginManager:220 - loadIPPluginJar : add nvic
2025-03-29 12:14:06,186 [INFO] IPUIPlugin:80 - create IPUIPlugin
2025-03-29 12:14:06,187 [INFO] PluginManager:220 - loadIPPluginJar : add opamp
2025-03-29 12:14:06,329 [INFO] IPUIPlugin:80 - create IPUIPlugin
2025-03-29 12:14:06,329 [INFO] PluginManager:220 - loadIPPluginJar : add openamp
2025-03-29 12:14:06,430 [INFO] IPUIPlugin:80 - create IPUIPlugin
2025-03-29 12:14:06,430 [INFO] PluginManager:220 - loadIPPluginJar : add pdm2pcm
2025-03-29 12:14:06,459 [INFO] IPUIPlugin:80 - create IPUIPlugin
2025-03-29 12:14:06,463 [INFO] PluginManager:220 - loadIPPluginJar : add plateformsettings
2025-03-29 12:14:06,515 [INFO] IPUIPlugin:80 - create IPUIPlugin
2025-03-29 12:14:06,516 [INFO] PluginManager:220 - loadIPPluginJar : add quadspi
2025-03-29 12:14:06,587 [INFO] IPUIPlugin:80 - create IPUIPlugin
2025-03-29 12:14:06,588 [INFO] PluginManager:220 - loadIPPluginJar : add radio
2025-03-29 12:14:06,621 [INFO] ThirdPartyUpdaterWithRetryManager:70 - Updater plugin not ready yet. [3/15]
2025-03-29 12:14:06,689 [INFO] IPUIPlugin:80 - create IPUIPlugin
2025-03-29 12:14:06,689 [INFO] PluginManager:220 - loadIPPluginJar : add resmgrutility
2025-03-29 12:14:06,840 [INFO] IPUIPlugin:80 - create IPUIPlugin
2025-03-29 12:14:06,840 [INFO] PluginManager:220 - loadIPPluginJar : add sai
2025-03-29 12:14:06,928 [INFO] IPUIPlugin:80 - create IPUIPlugin
2025-03-29 12:14:06,928 [INFO] PluginManager:220 - loadIPPluginJar : add spi
2025-03-29 12:14:07,105 [INFO] IPUIPlugin:80 - create IPUIPlugin
2025-03-29 12:14:07,105 [INFO] PluginManager:220 - loadIPPluginJar : add stm32_wpan
2025-03-29 12:14:07,183 [INFO] IPUIPlugin:80 - create IPUIPlugin
2025-03-29 12:14:07,183 [INFO] PluginManager:220 - loadIPPluginJar : add tim
2025-03-29 12:14:07,348 [INFO] IPUIPlugin:80 - create IPUIPlugin
2025-03-29 12:14:07,349 [INFO] PluginManager:220 - loadIPPluginJar : add touchsensing
2025-03-29 12:14:07,404 [INFO] IPUIPlugin:80 - create IPUIPlugin
2025-03-29 12:14:07,404 [INFO] PluginManager:220 - loadIPPluginJar : add tracer_emb
2025-03-29 12:14:07,489 [INFO] IPUIPlugin:80 - create IPUIPlugin
2025-03-29 12:14:07,489 [INFO] PluginManager:220 - loadIPPluginJar : add ts
2025-03-29 12:14:07,545 [INFO] IPUIPlugin:80 - create IPUIPlugin
2025-03-29 12:14:07,545 [INFO] PluginManager:220 - loadIPPluginJar : add tsc
2025-03-29 12:14:07,599 [INFO] IPUIPlugin:80 - create IPUIPlugin
2025-03-29 12:14:07,600 [INFO] PluginManager:220 - loadIPPluginJar : add ucpd
2025-03-29 12:14:07,712 [INFO] IPUIPlugin:80 - create IPUIPlugin
2025-03-29 12:14:07,712 [INFO] PluginManager:220 - loadIPPluginJar : add usart
2025-03-29 12:14:07,842 [INFO] IPUIPlugin:80 - create IPUIPlugin
2025-03-29 12:14:07,842 [INFO] PluginManager:220 - loadIPPluginJar : add usbx
2025-03-29 12:14:08,090 [INFO] CADModel:165 - CPN selected for project level
2025-03-29 12:14:08,091 [INFO] CADModel:114 - Register for checkConnection events
2025-03-29 12:14:08,091 [FATAL] Updater:334 - Updater called before beeing initialized
2025-03-29 12:14:08,091 [ERROR] CADModel:125 - Updater not yet initialized, retry later 
2025-03-29 12:14:08,544 [INFO] CADModel:165 - CPN selected for project level
2025-03-29 12:14:08,545 [INFO] CADModel:114 - Register for checkConnection events
2025-03-29 12:14:08,545 [FATAL] Updater:334 - Updater called before beeing initialized
2025-03-29 12:14:08,545 [ERROR] CADModel:125 - Updater not yet initialized, retry later 
2025-03-29 12:14:08,551 [FATAL] Updater:334 - Updater called before beeing initialized
2025-03-29 12:14:08,882 [FATAL] Updater:334 - Updater called before beeing initialized
2025-03-29 12:14:08,909 [INFO] DbMcusAds:53 - JSON generation date=Thu Mar 06 07:54:21 MST 2025 (1741272861825)
2025-03-29 12:14:08,909 [FATAL] Updater:334 - Updater called before beeing initialized
2025-03-29 12:14:09,033 [WARN] DetailPanel:346 - Failed to get advertising image, set to default
2025-03-29 12:14:09,272 [FATAL] Updater:334 - Updater called before beeing initialized
2025-03-29 12:14:09,275 [FATAL] Updater:334 - Updater called before beeing initialized
2025-03-29 12:14:09,275 [FATAL] Updater:334 - Updater called before beeing initialized
2025-03-29 12:14:09,275 [WARN] DetailPanel:346 - Failed to get advertising image, set to default
2025-03-29 12:14:09,276 [FATAL] Updater:334 - Updater called before beeing initialized
2025-03-29 12:14:09,551 [ERROR] Updater:1164 - MainUpdater not yet initialized. External WinMGr cannot be set.
2025-03-29 12:14:09,622 [INFO] ThirdPartyUpdaterWithRetryManager:70 - Updater plugin not ready yet. [4/15]
2025-03-29 12:14:09,661 [INFO] Updater:1100 - Updater Version found : 6.12.1
2025-03-29 12:14:09,736 [INFO] ApplicationProperties:184 - Using Application install path: C:\ST\STM32CubeIDE_1.16.1\STM32CubeIDE\plugins\com.st.stm32cube.common.mx_6.12.1.202409122256
